2017-01-15 15:40:06,903 - __main__ - INFO - Starting the SCPP Miner-M2 Application..!
2017-01-15 15:40:06,904 - src.utils.crypto_utils - INFO -                                                             keys exists
2017-01-15 15:40:06,905 - __main__ - INFO - client started
2017-01-15 15:40:06,935 - __main__ - INFO - datagram received DATA #msg ALREADY_REGISTERED #pubkey LS0tLS1CRUdJTiBQVUJMSUMgS0VZLS0tLS0KTUlHZk1BMEdDU3FHU0liM0RRRUJBUVVBQTRHTkFEQ0JpUUtCZ1FDdlZ6QU5YdUUvM0Y5a2VRc2JHbVRWNDY0WApjWWQ5dnl1OHM4MlZRcXh0NFJBQitHREVGSHRHRjlQOEtzVFNvRjJYMWVEeVpNOS9NTENLVFB2dGN5bkluOVExCnl6YVZwTm9xQWcwaXI5enB2MSszZzRWazZBUGR6QUdmZ1NCSmtnYjJHUzNpa21KdjVEYmhjY0d0dmQ5akx0NHcKQjNJYWtRUnBSSkRnRUVaWE9RSURBUUFCCi0tLS0tRU5EIFBVQkxJQyBLRVktLS0tLQ==  #time 1484475006.93 ^mysensors VrUBt2uEjVrVno++O1FVNiglJREZLhFcTt+bxH2xRBb4Aw4fuaE09ClnunkEgX6LSPVfYQDnRIAVHITXQzBrX00OL16oomUYYoiEBz/ufGp4Rg1jXWzGO97kgIEEuhkkUF11Ht036GVcd8p7rlcIElsZdiUP9FBRiurr/viJxi0=
2017-01-15 15:40:06,935 - src.utils.senz_parser - INFO -                                                             DATA
2017-01-15 15:40:06,935 - src.utils.senz_parser - INFO -                                                             VrUBt2uEjVrVno++O1FVNiglJREZLhFcTt+bxH2xRBb4Aw4fuaE09ClnunkEgX6LSPVfYQDnRIAVHITXQzBrX00OL16oomUYYoiEBz/ufGp4Rg1jXWzGO97kgIEEuhkkUF11Ht036GVcd8p7rlcIElsZdiUP9FBRiurr/viJxi0=
2017-01-15 15:40:06,935 - src.utils.senz_parser - INFO -                                                             mysensors
2017-01-15 15:40:06,935 - src.utils.senz_parser - INFO -                                                             None
2017-01-15 15:40:06,935 - src.utils.senz_parser - INFO -                                                             {'#pubkey': 'LS0tLS1CRUdJTiBQVUJMSUMgS0VZLS0tLS0KTUlHZk1BMEdDU3FHU0liM0RRRUJBUVVBQTRHTkFEQ0JpUUtCZ1FDdlZ6QU5YdUUvM0Y5a2VRc2JHbVRWNDY0WApjWWQ5dnl1OHM4MlZRcXh0NFJBQitHREVGSHRHRjlQOEtzVFNvRjJYMWVEeVpNOS9NTENLVFB2dGN5bkluOVExCnl6YVZwTm9xQWcwaXI5enB2MSszZzRWazZBUGR6QUdmZ1NCSmtnYjJHUzNpa21KdjVEYmhjY0d0dmQ5akx0NHcKQjNJYWtRUnBSSkRnRUVaWE9RSURBUUFCCi0tLS0tRU5EIFBVQkxJQyBLRVktLS0tLQ==', '#time': '1484475006.93', '#msg': 'ALREADY_REGISTERED'}
2017-01-15 15:40:06,936 - handlers.senz_handler - INFO - senz received DATA
2017-01-15 15:40:06,938 - handlers.senz_handler - INFO - Post Handled
2017-01-15 15:40:09,179 - handlers.senz_handler - INFO - read senz: SHARE #COIN_VALUE  #f cv @baseNode  ^node3 CWfjtkqiq+xxOgEmVeWzCbIQ9V4deIBcamKTltT6mecFyIl+89p3bKffE0uVSTHHM7l/nJQGBdVXK3YDXOarewvW7TXdjxZbqI7NddNI4pkVOaVgXP1qclY/9dcV38ZxnGYuKv6SZLz+Vc/udFQDYRAiCFCOG6PIkqlyODlvzn0=
2017-01-15 15:40:18,771 - __main__ - INFO - Starting the SCPP Miner-M2 Application..!
2017-01-15 15:40:18,771 - src.utils.crypto_utils - INFO -                                                             keys exists
2017-01-15 15:40:18,773 - __main__ - INFO - client started
2017-01-15 15:40:18,794 - __main__ - INFO - datagram received DATA #msg ALREADY_REGISTERED #pubkey LS0tLS1CRUdJTiBQVUJMSUMgS0VZLS0tLS0KTUlHZk1BMEdDU3FHU0liM0RRRUJBUVVBQTRHTkFEQ0JpUUtCZ1FDdlZ6QU5YdUUvM0Y5a2VRc2JHbVRWNDY0WApjWWQ5dnl1OHM4MlZRcXh0NFJBQitHREVGSHRHRjlQOEtzVFNvRjJYMWVEeVpNOS9NTENLVFB2dGN5bkluOVExCnl6YVZwTm9xQWcwaXI5enB2MSszZzRWazZBUGR6QUdmZ1NCSmtnYjJHUzNpa21KdjVEYmhjY0d0dmQ5akx0NHcKQjNJYWtRUnBSSkRnRUVaWE9RSURBUUFCCi0tLS0tRU5EIFBVQkxJQyBLRVktLS0tLQ==  #time 1484475018.79 ^mysensors aOBTY2li9fJo19UTWgCB/VULqExA4sxA5SmmJpyd2CBS9UsBc+s1zQsd+912OOWV0WFm+86fSHPcYKpz0mnmo/y2sofu9l95iH9xbIcA/XOcSyT+GcbEeIBA+Q7sw6LYvWb5wsi3tgLdVvztJl3h62Dxh/BjFtBAJ/2eskbLjDA=
2017-01-15 15:40:18,795 - src.utils.senz_parser - INFO -                                                             DATA
2017-01-15 15:40:18,795 - src.utils.senz_parser - INFO -                                                             aOBTY2li9fJo19UTWgCB/VULqExA4sxA5SmmJpyd2CBS9UsBc+s1zQsd+912OOWV0WFm+86fSHPcYKpz0mnmo/y2sofu9l95iH9xbIcA/XOcSyT+GcbEeIBA+Q7sw6LYvWb5wsi3tgLdVvztJl3h62Dxh/BjFtBAJ/2eskbLjDA=
2017-01-15 15:40:18,795 - src.utils.senz_parser - INFO -                                                             mysensors
2017-01-15 15:40:18,795 - src.utils.senz_parser - INFO -                                                             None
2017-01-15 15:40:18,795 - src.utils.senz_parser - INFO -                                                             {'#pubkey': 'LS0tLS1CRUdJTiBQVUJMSUMgS0VZLS0tLS0KTUlHZk1BMEdDU3FHU0liM0RRRUJBUVVBQTRHTkFEQ0JpUUtCZ1FDdlZ6QU5YdUUvM0Y5a2VRc2JHbVRWNDY0WApjWWQ5dnl1OHM4MlZRcXh0NFJBQitHREVGSHRHRjlQOEtzVFNvRjJYMWVEeVpNOS9NTENLVFB2dGN5bkluOVExCnl6YVZwTm9xQWcwaXI5enB2MSszZzRWazZBUGR6QUdmZ1NCSmtnYjJHUzNpa21KdjVEYmhjY0d0dmQ5akx0NHcKQjNJYWtRUnBSSkRnRUVaWE9RSURBUUFCCi0tLS0tRU5EIFBVQkxJQyBLRVktLS0tLQ==', '#time': '1484475018.79', '#msg': 'ALREADY_REGISTERED'}
2017-01-15 15:40:18,801 - handlers.senz_handler - INFO - senz received DATA
2017-01-15 15:40:18,804 - handlers.senz_handler - INFO - Post Handled
2017-01-15 15:40:21,099 - __main__ - INFO - datagram received PING
2017-01-15 15:40:26,420 - handlers.senz_handler - INFO - read senz: SHARE #COIN_VALUE  #f cv @baseNode  ^node3 CWfjtkqiq+xxOgEmVeWzCbIQ9V4deIBcamKTltT6mecFyIl+89p3bKffE0uVSTHHM7l/nJQGBdVXK3YDXOarewvW7TXdjxZbqI7NddNI4pkVOaVgXP1qclY/9dcV38ZxnGYuKv6SZLz+Vc/udFQDYRAiCFCOG6PIkqlyODlvzn0=
2017-01-15 15:40:26,453 - utils.senz_parser - INFO -                                                             PUT
2017-01-15 15:40:26,454 - utils.senz_parser - INFO -                                                             bFAX+IwJdkmeUzV1CLAdLw13y2rGU66P+sYeagcusbOslx+GLDHVbFsVEmVfHOEvPLRkc6XH5VHfxJtoJ0/j7L+dOj6Hn92S35G+0X6Md6FIDyIGaJAVJwTq8TPdpvSaVWR1detNrZ3NC1yBR17/b41RrrDdDOlg2iFp23PU9nU=
2017-01-15 15:40:26,454 - utils.senz_parser - INFO -                                                             baseNode
2017-01-15 15:40:26,454 - utils.senz_parser - INFO -                                                             node3
2017-01-15 15:40:26,454 - utils.senz_parser - INFO -                                                             {'#COIN_VALUE': '0.49'}
2017-01-15 15:40:28,156 - src.utils.crypto_utils - INFO -                                                             keys exists
2017-01-15 15:40:28,158 - miner - INFO - client started
2017-01-15 15:40:28,169 - miner - INFO - datagram received DATA #msg ALREADY_REGISTERED #pubkey LS0tLS1CRUdJTiBQVUJMSUMgS0VZLS0tLS0KTUlHZk1BMEdDU3FHU0liM0RRRUJBUVVBQTRHTkFEQ0JpUUtCZ1FDdlZ6QU5YdUUvM0Y5a2VRc2JHbVRWNDY0WApjWWQ5dnl1OHM4MlZRcXh0NFJBQitHREVGSHRHRjlQOEtzVFNvRjJYMWVEeVpNOS9NTENLVFB2dGN5bkluOVExCnl6YVZwTm9xQWcwaXI5enB2MSszZzRWazZBUGR6QUdmZ1NCSmtnYjJHUzNpa21KdjVEYmhjY0d0dmQ5akx0NHcKQjNJYWtRUnBSSkRnRUVaWE9RSURBUUFCCi0tLS0tRU5EIFBVQkxJQyBLRVktLS0tLQ==  #time 1484475028.17 ^mysensors UwmrPid4jIFs4+DyRexqbM3b98Kv8Dc7nHsSE+sfdppboUd3cymyeqiCEVb69qV2KvHliuZJGk5EcJrp7kOwCFjj90IW1xpx1QSbginyQDyPF+AEiCyDUwRIl2bZ/+3F2MDzGsLbsUOe3X3hRMAZhI14cSH5yqtK4EVB0My2zAg=
2017-01-15 15:40:28,169 - src.utils.senz_parser - INFO -                                                             DATA
2017-01-15 15:40:28,169 - src.utils.senz_parser - INFO -                                                             UwmrPid4jIFs4+DyRexqbM3b98Kv8Dc7nHsSE+sfdppboUd3cymyeqiCEVb69qV2KvHliuZJGk5EcJrp7kOwCFjj90IW1xpx1QSbginyQDyPF+AEiCyDUwRIl2bZ/+3F2MDzGsLbsUOe3X3hRMAZhI14cSH5yqtK4EVB0My2zAg=
2017-01-15 15:40:28,169 - src.utils.senz_parser - INFO -                                                             mysensors
2017-01-15 15:40:28,169 - src.utils.senz_parser - INFO -                                                             None
2017-01-15 15:40:28,169 - src.utils.senz_parser - INFO -                                                             {'#pubkey': 'LS0tLS1CRUdJTiBQVUJMSUMgS0VZLS0tLS0KTUlHZk1BMEdDU3FHU0liM0RRRUJBUVVBQTRHTkFEQ0JpUUtCZ1FDdlZ6QU5YdUUvM0Y5a2VRc2JHbVRWNDY0WApjWWQ5dnl1OHM4MlZRcXh0NFJBQitHREVGSHRHRjlQOEtzVFNvRjJYMWVEeVpNOS9NTENLVFB2dGN5bkluOVExCnl6YVZwTm9xQWcwaXI5enB2MSszZzRWazZBUGR6QUdmZ1NCSmtnYjJHUzNpa21KdjVEYmhjY0d0dmQ5akx0NHcKQjNJYWtRUnBSSkRnRUVaWE9RSURBUUFCCi0tLS0tRU5EIFBVQkxJQyBLRVktLS0tLQ==', '#COIN_VALUE': '0.49', '#msg': 'ALREADY_REGISTERED', '#time': '1484475028.17'}
2017-01-15 15:40:28,170 - handlers.senz_handler - INFO - senz received DATA
2017-01-15 15:40:28,173 - handlers.senz_handler - INFO - Post Handled
2017-01-15 15:40:41,111 - miner - INFO - datagram received PING
2017-01-15 15:41:01,130 - miner - INFO - datagram received PING
2017-01-15 15:41:21,150 - miner - INFO - datagram received PING
2017-01-15 15:41:22,097 - handlers.senz_handler - INFO - read senz: SHARE #COIN_VALUE  #f cv @baseNode  ^node3 CWfjtkqiq+xxOgEmVeWzCbIQ9V4deIBcamKTltT6mecFyIl+89p3bKffE0uVSTHHM7l/nJQGBdVXK3YDXOarewvW7TXdjxZbqI7NddNI4pkVOaVgXP1qclY/9dcV38ZxnGYuKv6SZLz+Vc/udFQDYRAiCFCOG6PIkqlyODlvzn0=
2017-01-15 15:41:22,125 - utils.senz_parser - INFO -                                                             PUT
2017-01-15 15:41:22,126 - utils.senz_parser - INFO -                                                             bFAX+IwJdkmeUzV1CLAdLw13y2rGU66P+sYeagcusbOslx+GLDHVbFsVEmVfHOEvPLRkc6XH5VHfxJtoJ0/j7L+dOj6Hn92S35G+0X6Md6FIDyIGaJAVJwTq8TPdpvSaVWR1detNrZ3NC1yBR17/b41RrrDdDOlg2iFp23PU9nU=
2017-01-15 15:41:22,126 - utils.senz_parser - INFO -                                                             baseNode
2017-01-15 15:41:22,126 - utils.senz_parser - INFO -                                                             node3
2017-01-15 15:41:22,126 - utils.senz_parser - INFO -                                                             {'#pubkey': 'LS0tLS1CRUdJTiBQVUJMSUMgS0VZLS0tLS0KTUlHZk1BMEdDU3FHU0liM0RRRUJBUVVBQTRHTkFEQ0JpUUtCZ1FDdlZ6QU5YdUUvM0Y5a2VRc2JHbVRWNDY0WApjWWQ5dnl1OHM4MlZRcXh0NFJBQitHREVGSHRHRjlQOEtzVFNvRjJYMWVEeVpNOS9NTENLVFB2dGN5bkluOVExCnl6YVZwTm9xQWcwaXI5enB2MSszZzRWazZBUGR6QUdmZ1NCSmtnYjJHUzNpa21KdjVEYmhjY0d0dmQ5akx0NHcKQjNJYWtRUnBSSkRnRUVaWE9RSURBUUFCCi0tLS0tRU5EIFBVQkxJQyBLRVktLS0tLQ==', '#COIN_VALUE': '0.49', '#msg': 'ALREADY_REGISTERED', '#time': '1484475028.17'}
2017-01-15 15:41:23,289 - src.utils.crypto_utils - INFO -                                                             keys exists
2017-01-15 15:41:23,292 - miner - INFO - client started
2017-01-15 15:41:23,321 - miner - INFO - datagram received DATA #msg ALREADY_REGISTERED #pubkey LS0tLS1CRUdJTiBQVUJMSUMgS0VZLS0tLS0KTUlHZk1BMEdDU3FHU0liM0RRRUJBUVVBQTRHTkFEQ0JpUUtCZ1FDdlZ6QU5YdUUvM0Y5a2VRc2JHbVRWNDY0WApjWWQ5dnl1OHM4MlZRcXh0NFJBQitHREVGSHRHRjlQOEtzVFNvRjJYMWVEeVpNOS9NTENLVFB2dGN5bkluOVExCnl6YVZwTm9xQWcwaXI5enB2MSszZzRWazZBUGR6QUdmZ1NCSmtnYjJHUzNpa21KdjVEYmhjY0d0dmQ5akx0NHcKQjNJYWtRUnBSSkRnRUVaWE9RSURBUUFCCi0tLS0tRU5EIFBVQkxJQyBLRVktLS0tLQ==  #time 1484475083.32 ^mysensors ILtYXTXyivB3AXJv0I7ErpmfxeBN4yDzSqoc+6/tE3vbUAgHBBQ/PFnJwX1jb+U9NX185DM8HIR/AcvvQtwcjFUBqljVObk13rTUvOwTkZnkwx+mvKgLiMXs/Pe6WJ/d4B4EIi7kP4i9fySB8eytZZitb+NQwhS8R1YFbJf5dNM=
2017-01-15 15:41:23,322 - src.utils.senz_parser - INFO -                                                             DATA
2017-01-15 15:41:23,322 - src.utils.senz_parser - INFO -                                                             ILtYXTXyivB3AXJv0I7ErpmfxeBN4yDzSqoc+6/tE3vbUAgHBBQ/PFnJwX1jb+U9NX185DM8HIR/AcvvQtwcjFUBqljVObk13rTUvOwTkZnkwx+mvKgLiMXs/Pe6WJ/d4B4EIi7kP4i9fySB8eytZZitb+NQwhS8R1YFbJf5dNM=
2017-01-15 15:41:23,323 - src.utils.senz_parser - INFO -                                                             mysensors
2017-01-15 15:41:23,323 - src.utils.senz_parser - INFO -                                                             None
2017-01-15 15:41:23,323 - src.utils.senz_parser - INFO -                                                             {'#pubkey': 'LS0tLS1CRUdJTiBQVUJMSUMgS0VZLS0tLS0KTUlHZk1BMEdDU3FHU0liM0RRRUJBUVVBQTRHTkFEQ0JpUUtCZ1FDdlZ6QU5YdUUvM0Y5a2VRc2JHbVRWNDY0WApjWWQ5dnl1OHM4MlZRcXh0NFJBQitHREVGSHRHRjlQOEtzVFNvRjJYMWVEeVpNOS9NTENLVFB2dGN5bkluOVExCnl6YVZwTm9xQWcwaXI5enB2MSszZzRWazZBUGR6QUdmZ1NCSmtnYjJHUzNpa21KdjVEYmhjY0d0dmQ5akx0NHcKQjNJYWtRUnBSSkRnRUVaWE9RSURBUUFCCi0tLS0tRU5EIFBVQkxJQyBLRVktLS0tLQ==', '#COIN_VALUE': '0.49', '#msg': 'ALREADY_REGISTERED', '#time': '1484475083.32'}
2017-01-15 15:41:23,324 - handlers.senz_handler - INFO - senz received DATA
2017-01-15 15:41:23,329 - handlers.senz_handler - INFO - Post Handled
