2017-01-01 08:46:44,846 - __main__ - INFO - Starting the SCPP Miner TWO Application..!
2017-01-01 08:46:44,949 - __main__ - INFO - client started
2017-01-01 08:46:45,048 - __main__ - INFO - datagram received DATA #msg REGISTRATION_DONE #pubkey LS0tLS1CRUdJTiBQVUJMSUMgS0VZLS0tLS0KTUlHZk1BMEdDU3FHU0liM0RRRUJBUVVBQTRHTkFEQ0JpUUtCZ1FDdlZ6QU5YdUUvM0Y5a2VRc2JHbVRWNDY0WApjWWQ5dnl1OHM4MlZRcXh0NFJBQitHREVGSHRHRjlQOEtzVFNvRjJYMWVEeVpNOS9NTENLVFB2dGN5bkluOVExCnl6YVZwTm9xQWcwaXI5enB2MSszZzRWazZBUGR6QUdmZ1NCSmtnYjJHUzNpa21KdjVEYmhjY0d0dmQ5akx0NHcKQjNJYWtRUnBSSkRnRUVaWE9RSURBUUFCCi0tLS0tRU5EIFBVQkxJQyBLRVktLS0tLQ==  #time 1483240605.05 ^mysensors OkFACEeLh4N9Uf7ukqu5XGVpI/49VVySEs3Ob8knbWEV9pEvxk+NU6mtXe8BkFYkaf1zOWzXU9SCb5VGXCGlcoqxVlylBsGJBhqdQVjZegIl6862PtbaCrFZzQ8+Y7hxxkyhpA4gL2V/N93KnP0xvK1LWtoEveJH0qbPcTs84dk=
2017-01-01 08:46:45,048 - src.utils.senz_parser - INFO -                                                             DATA
2017-01-01 08:46:45,048 - src.utils.senz_parser - INFO -                                                             OkFACEeLh4N9Uf7ukqu5XGVpI/49VVySEs3Ob8knbWEV9pEvxk+NU6mtXe8BkFYkaf1zOWzXU9SCb5VGXCGlcoqxVlylBsGJBhqdQVjZegIl6862PtbaCrFZzQ8+Y7hxxkyhpA4gL2V/N93KnP0xvK1LWtoEveJH0qbPcTs84dk=
2017-01-01 08:46:45,048 - src.utils.senz_parser - INFO -                                                             mysensors
2017-01-01 08:46:45,048 - src.utils.senz_parser - INFO -                                                             None
2017-01-01 08:46:45,049 - src.utils.senz_parser - INFO -                                                             {'#pubkey': 'LS0tLS1CRUdJTiBQVUJMSUMgS0VZLS0tLS0KTUlHZk1BMEdDU3FHU0liM0RRRUJBUVVBQTRHTkFEQ0JpUUtCZ1FDdlZ6QU5YdUUvM0Y5a2VRc2JHbVRWNDY0WApjWWQ5dnl1OHM4MlZRcXh0NFJBQitHREVGSHRHRjlQOEtzVFNvRjJYMWVEeVpNOS9NTENLVFB2dGN5bkluOVExCnl6YVZwTm9xQWcwaXI5enB2MSszZzRWazZBUGR6QUdmZ1NCSmtnYjJHUzNpa21KdjVEYmhjY0d0dmQ5akx0NHcKQjNJYWtRUnBSSkRnRUVaWE9RSURBUUFCCi0tLS0tRU5EIFBVQkxJQyBLRVktLS0tLQ==', '#time': '1483240605.05', '#msg': 'REGISTRATION_DONE'}
2017-01-01 08:46:45,064 - handlers.senz_handler - INFO - senz received DATA
2017-01-01 08:46:46,272 - __main__ - INFO - datagram received PING
2017-01-01 08:47:06,290 - __main__ - INFO - datagram received PING
2017-01-01 08:47:26,306 - __main__ - INFO - datagram received PING
2017-01-01 08:47:46,326 - __main__ - INFO - datagram received PING
2017-01-01 08:48:06,343 - __main__ - INFO - datagram received PING
2017-01-01 08:48:26,362 - __main__ - INFO - datagram received PING
2017-01-01 08:48:46,379 - __main__ - INFO - datagram received PING
2017-01-01 08:49:06,398 - __main__ - INFO - datagram received PING
2017-01-01 08:49:26,416 - __main__ - INFO - datagram received PING
2017-01-01 08:49:31,885 - __main__ - INFO - Starting the SCPP Miner TWO Application..!
2017-01-01 08:49:31,885 - src.utils.crypto_utils - INFO -                                                             keys exists
2017-01-01 08:49:31,886 - __main__ - INFO - client started
2017-01-01 08:49:31,898 - __main__ - INFO - datagram received DATA #msg ALREADY_REGISTERED #pubkey LS0tLS1CRUdJTiBQVUJMSUMgS0VZLS0tLS0KTUlHZk1BMEdDU3FHU0liM0RRRUJBUVVBQTRHTkFEQ0JpUUtCZ1FDdlZ6QU5YdUUvM0Y5a2VRc2JHbVRWNDY0WApjWWQ5dnl1OHM4MlZRcXh0NFJBQitHREVGSHRHRjlQOEtzVFNvRjJYMWVEeVpNOS9NTENLVFB2dGN5bkluOVExCnl6YVZwTm9xQWcwaXI5enB2MSszZzRWazZBUGR6QUdmZ1NCSmtnYjJHUzNpa21KdjVEYmhjY0d0dmQ5akx0NHcKQjNJYWtRUnBSSkRnRUVaWE9RSURBUUFCCi0tLS0tRU5EIFBVQkxJQyBLRVktLS0tLQ==  #time 1483240771.9 ^mysensors ktKr0mioJuJQ7Ol6qv4vhbdhtI+CPUz73lyMTz6tis9RDOYDFmMtxHBOo6BAqvGR7sRhfuU+qcnDEO0KScBZuxw/F2MpWadPhQ5XOFl9OGB+OPF4y2PgVu7fkhRufHgLprs+aek2pX2OaE1BywlDd0U1GqB5H34PKbG9tAK12uk=
2017-01-01 08:49:31,898 - src.utils.senz_parser - INFO -                                                             DATA
2017-01-01 08:49:31,898 - src.utils.senz_parser - INFO -                                                             ktKr0mioJuJQ7Ol6qv4vhbdhtI+CPUz73lyMTz6tis9RDOYDFmMtxHBOo6BAqvGR7sRhfuU+qcnDEO0KScBZuxw/F2MpWadPhQ5XOFl9OGB+OPF4y2PgVu7fkhRufHgLprs+aek2pX2OaE1BywlDd0U1GqB5H34PKbG9tAK12uk=
2017-01-01 08:49:31,898 - src.utils.senz_parser - INFO -                                                             mysensors
2017-01-01 08:49:31,898 - src.utils.senz_parser - INFO -                                                             None
2017-01-01 08:49:31,899 - src.utils.senz_parser - INFO -                                                             {'#pubkey': 'LS0tLS1CRUdJTiBQVUJMSUMgS0VZLS0tLS0KTUlHZk1BMEdDU3FHU0liM0RRRUJBUVVBQTRHTkFEQ0JpUUtCZ1FDdlZ6QU5YdUUvM0Y5a2VRc2JHbVRWNDY0WApjWWQ5dnl1OHM4MlZRcXh0NFJBQitHREVGSHRHRjlQOEtzVFNvRjJYMWVEeVpNOS9NTENLVFB2dGN5bkluOVExCnl6YVZwTm9xQWcwaXI5enB2MSszZzRWazZBUGR6QUdmZ1NCSmtnYjJHUzNpa21KdjVEYmhjY0d0dmQ5akx0NHcKQjNJYWtRUnBSSkRnRUVaWE9RSURBUUFCCi0tLS0tRU5EIFBVQkxJQyBLRVktLS0tLQ==', '#time': '1483240771.9', '#msg': 'ALREADY_REGISTERED'}
2017-01-01 08:49:31,900 - handlers.senz_handler - INFO - senz received DATA
2017-01-01 08:49:46,417 - __main__ - INFO - datagram received PING
2017-01-01 08:50:06,417 - __main__ - INFO - datagram received PING
2017-01-01 08:50:26,421 - __main__ - INFO - datagram received PING
2017-01-01 08:50:46,434 - __main__ - INFO - datagram received PING
2017-01-01 08:51:06,453 - __main__ - INFO - datagram received PING
2017-01-01 08:51:26,473 - __main__ - INFO - datagram received PING
2017-01-01 08:51:46,491 - __main__ - INFO - datagram received PING
2017-01-01 08:52:06,497 - __main__ - INFO - datagram received PING
2017-01-01 08:52:08,848 - __main__ - INFO - Starting the SCPP Miner TWO Application..!
2017-01-01 08:52:08,848 - src.utils.crypto_utils - INFO -                                                             keys exists
2017-01-01 08:52:08,849 - __main__ - INFO - client started
2017-01-01 08:52:08,860 - __main__ - INFO - datagram received DATA #msg ALREADY_REGISTERED #pubkey LS0tLS1CRUdJTiBQVUJMSUMgS0VZLS0tLS0KTUlHZk1BMEdDU3FHU0liM0RRRUJBUVVBQTRHTkFEQ0JpUUtCZ1FDdlZ6QU5YdUUvM0Y5a2VRc2JHbVRWNDY0WApjWWQ5dnl1OHM4MlZRcXh0NFJBQitHREVGSHRHRjlQOEtzVFNvRjJYMWVEeVpNOS9NTENLVFB2dGN5bkluOVExCnl6YVZwTm9xQWcwaXI5enB2MSszZzRWazZBUGR6QUdmZ1NCSmtnYjJHUzNpa21KdjVEYmhjY0d0dmQ5akx0NHcKQjNJYWtRUnBSSkRnRUVaWE9RSURBUUFCCi0tLS0tRU5EIFBVQkxJQyBLRVktLS0tLQ==  #time 1483240928.86 ^mysensors TjJPCh+PzngxYWg2nEyFUqZQXNdmUxpMbfIhMGsqOs6k8ji3WS4+K8LgCrKRp8UB1Z7CwPW7HiUCZH691XEsScjXloDFr6h69EmatATGRSWy+ufQA2MZ0hb0Z2mfVAuRj73VMVplpmYhdqkdXJoKnQR8YZAM48O015jwTv+VUNY=
2017-01-01 08:52:08,860 - src.utils.senz_parser - INFO -                                                             DATA
2017-01-01 08:52:08,861 - src.utils.senz_parser - INFO -                                                             TjJPCh+PzngxYWg2nEyFUqZQXNdmUxpMbfIhMGsqOs6k8ji3WS4+K8LgCrKRp8UB1Z7CwPW7HiUCZH691XEsScjXloDFr6h69EmatATGRSWy+ufQA2MZ0hb0Z2mfVAuRj73VMVplpmYhdqkdXJoKnQR8YZAM48O015jwTv+VUNY=
2017-01-01 08:52:08,861 - src.utils.senz_parser - INFO -                                                             mysensors
2017-01-01 08:52:08,861 - src.utils.senz_parser - INFO -                                                             None
2017-01-01 08:52:08,861 - src.utils.senz_parser - INFO -                                                             {'#pubkey': 'LS0tLS1CRUdJTiBQVUJMSUMgS0VZLS0tLS0KTUlHZk1BMEdDU3FHU0liM0RRRUJBUVVBQTRHTkFEQ0JpUUtCZ1FDdlZ6QU5YdUUvM0Y5a2VRc2JHbVRWNDY0WApjWWQ5dnl1OHM4MlZRcXh0NFJBQitHREVGSHRHRjlQOEtzVFNvRjJYMWVEeVpNOS9NTENLVFB2dGN5bkluOVExCnl6YVZwTm9xQWcwaXI5enB2MSszZzRWazZBUGR6QUdmZ1NCSmtnYjJHUzNpa21KdjVEYmhjY0d0dmQ5akx0NHcKQjNJYWtRUnBSSkRnRUVaWE9RSURBUUFCCi0tLS0tRU5EIFBVQkxJQyBLRVktLS0tLQ==', '#time': '1483240928.86', '#msg': 'ALREADY_REGISTERED'}
2017-01-01 08:52:08,862 - handlers.senz_handler - INFO - senz received DATA
2017-01-01 08:52:26,505 - __main__ - INFO - datagram received PING
2017-01-01 08:52:46,521 - __main__ - INFO - datagram received PING
2017-01-01 08:53:06,534 - __main__ - INFO - datagram received PING
2017-01-01 08:53:26,552 - __main__ - INFO - datagram received PING
2017-01-01 08:53:46,568 - __main__ - INFO - datagram received PING
2017-01-01 08:54:04,414 - __main__ - INFO - Starting the SCPP Miner TWO Application..!
2017-01-01 08:54:04,414 - src.utils.crypto_utils - INFO -                                                             keys exists
2017-01-01 08:54:04,415 - __main__ - INFO - client started
2017-01-01 08:54:04,426 - __main__ - INFO - datagram received DATA #msg ALREADY_REGISTERED #pubkey LS0tLS1CRUdJTiBQVUJMSUMgS0VZLS0tLS0KTUlHZk1BMEdDU3FHU0liM0RRRUJBUVVBQTRHTkFEQ0JpUUtCZ1FDdlZ6QU5YdUUvM0Y5a2VRc2JHbVRWNDY0WApjWWQ5dnl1OHM4MlZRcXh0NFJBQitHREVGSHRHRjlQOEtzVFNvRjJYMWVEeVpNOS9NTENLVFB2dGN5bkluOVExCnl6YVZwTm9xQWcwaXI5enB2MSszZzRWazZBUGR6QUdmZ1NCSmtnYjJHUzNpa21KdjVEYmhjY0d0dmQ5akx0NHcKQjNJYWtRUnBSSkRnRUVaWE9RSURBUUFCCi0tLS0tRU5EIFBVQkxJQyBLRVktLS0tLQ==  #time 1483241044.42 ^mysensors baR6oQahyi3wfdre0cc6hq4IKv3w09UDJBeipKUM0VfE0eI7v9DcwXLF27m3nQc5UkCI47BNrSx2Bife9wg0DNzuvLPbP1+Ucn5I4AM8H/IDRX1RgmGlV+N9wGRFXTcEvN48qHt8CFQskVgylpTyGIIkId3OD6LYtOrcylXzA8E=
2017-01-01 08:54:04,426 - src.utils.senz_parser - INFO -                                                             DATA
2017-01-01 08:54:04,426 - src.utils.senz_parser - INFO -                                                             baR6oQahyi3wfdre0cc6hq4IKv3w09UDJBeipKUM0VfE0eI7v9DcwXLF27m3nQc5UkCI47BNrSx2Bife9wg0DNzuvLPbP1+Ucn5I4AM8H/IDRX1RgmGlV+N9wGRFXTcEvN48qHt8CFQskVgylpTyGIIkId3OD6LYtOrcylXzA8E=
2017-01-01 08:54:04,426 - src.utils.senz_parser - INFO -                                                             mysensors
2017-01-01 08:54:04,427 - src.utils.senz_parser - INFO -                                                             None
2017-01-01 08:54:04,427 - src.utils.senz_parser - INFO -                                                             {'#pubkey': 'LS0tLS1CRUdJTiBQVUJMSUMgS0VZLS0tLS0KTUlHZk1BMEdDU3FHU0liM0RRRUJBUVVBQTRHTkFEQ0JpUUtCZ1FDdlZ6QU5YdUUvM0Y5a2VRc2JHbVRWNDY0WApjWWQ5dnl1OHM4MlZRcXh0NFJBQitHREVGSHRHRjlQOEtzVFNvRjJYMWVEeVpNOS9NTENLVFB2dGN5bkluOVExCnl6YVZwTm9xQWcwaXI5enB2MSszZzRWazZBUGR6QUdmZ1NCSmtnYjJHUzNpa21KdjVEYmhjY0d0dmQ5akx0NHcKQjNJYWtRUnBSSkRnRUVaWE9RSURBUUFCCi0tLS0tRU5EIFBVQkxJQyBLRVktLS0tLQ==', '#time': '1483241044.42', '#msg': 'ALREADY_REGISTERED'}
2017-01-01 08:54:04,428 - handlers.senz_handler - INFO - senz received DATA
2017-01-01 08:54:04,432 - handlers.senz_handler - INFO - Post Handled
2017-01-01 08:54:06,570 - __main__ - INFO - datagram received PING
2017-01-01 08:54:26,581 - __main__ - INFO - datagram received PING
2017-01-01 08:54:46,600 - __main__ - INFO - datagram received PING
2017-01-01 08:55:04,857 - __main__ - INFO - Starting the SCPP Miner TWO Application..!
2017-01-01 08:55:04,857 - src.utils.crypto_utils - INFO -                                                             keys exists
2017-01-01 08:55:04,859 - __main__ - INFO - client started
2017-01-01 08:55:04,873 - __main__ - INFO - datagram received DATA #msg ALREADY_REGISTERED #pubkey LS0tLS1CRUdJTiBQVUJMSUMgS0VZLS0tLS0KTUlHZk1BMEdDU3FHU0liM0RRRUJBUVVBQTRHTkFEQ0JpUUtCZ1FDdlZ6QU5YdUUvM0Y5a2VRc2JHbVRWNDY0WApjWWQ5dnl1OHM4MlZRcXh0NFJBQitHREVGSHRHRjlQOEtzVFNvRjJYMWVEeVpNOS9NTENLVFB2dGN5bkluOVExCnl6YVZwTm9xQWcwaXI5enB2MSszZzRWazZBUGR6QUdmZ1NCSmtnYjJHUzNpa21KdjVEYmhjY0d0dmQ5akx0NHcKQjNJYWtRUnBSSkRnRUVaWE9RSURBUUFCCi0tLS0tRU5EIFBVQkxJQyBLRVktLS0tLQ==  #time 1483241104.87 ^mysensors Isu1mFJh01oJptw/u30Ci2Mthj0KwvsQjqc7NfqI2NSeUsjN3T98+Op4t0/keokUO9nyP6phgQLlHE5I5iDqYbkoE5cPDlbGqJhmBf+m2zBMSAANHTrzB/KdoncolQtX3U1NKWe6mvTfKOvFWMoJsP3Hf9MbYyhTaS6n4TuCjXc=
2017-01-01 08:55:04,873 - src.utils.senz_parser - INFO -                                                             DATA
2017-01-01 08:55:04,873 - src.utils.senz_parser - INFO -                                                             Isu1mFJh01oJptw/u30Ci2Mthj0KwvsQjqc7NfqI2NSeUsjN3T98+Op4t0/keokUO9nyP6phgQLlHE5I5iDqYbkoE5cPDlbGqJhmBf+m2zBMSAANHTrzB/KdoncolQtX3U1NKWe6mvTfKOvFWMoJsP3Hf9MbYyhTaS6n4TuCjXc=
2017-01-01 08:55:04,873 - src.utils.senz_parser - INFO -                                                             mysensors
2017-01-01 08:55:04,874 - src.utils.senz_parser - INFO -                                                             None
2017-01-01 08:55:04,874 - src.utils.senz_parser - INFO -                                                             {'#pubkey': 'LS0tLS1CRUdJTiBQVUJMSUMgS0VZLS0tLS0KTUlHZk1BMEdDU3FHU0liM0RRRUJBUVVBQTRHTkFEQ0JpUUtCZ1FDdlZ6QU5YdUUvM0Y5a2VRc2JHbVRWNDY0WApjWWQ5dnl1OHM4MlZRcXh0NFJBQitHREVGSHRHRjlQOEtzVFNvRjJYMWVEeVpNOS9NTENLVFB2dGN5bkluOVExCnl6YVZwTm9xQWcwaXI5enB2MSszZzRWazZBUGR6QUdmZ1NCSmtnYjJHUzNpa21KdjVEYmhjY0d0dmQ5akx0NHcKQjNJYWtRUnBSSkRnRUVaWE9RSURBUUFCCi0tLS0tRU5EIFBVQkxJQyBLRVktLS0tLQ==', '#time': '1483241104.87', '#msg': 'ALREADY_REGISTERED'}
2017-01-01 08:55:04,875 - handlers.senz_handler - INFO - senz received DATA
2017-01-01 08:55:04,879 - handlers.senz_handler - INFO - Post Handled
2017-01-01 08:55:06,602 - __main__ - INFO - datagram received PING
2017-01-01 08:55:14,897 - handlers.senz_handler - INFO - read senz: SHARE #COIN_VALUE  #f cv @baseNode  ^node3 CWfjtkqiq+xxOgEmVeWzCbIQ9V4deIBcamKTltT6mecFyIl+89p3bKffE0uVSTHHM7l/nJQGBdVXK3YDXOarewvW7TXdjxZbqI7NddNI4pkVOaVgXP1qclY/9dcV38ZxnGYuKv6SZLz+Vc/udFQDYRAiCFCOG6PIkqlyODlvzn0=
2017-01-01 08:55:42,859 - __main__ - INFO - Starting the SCPP Miner TWO Application..!
2017-01-01 08:55:42,860 - src.utils.crypto_utils - INFO -                                                             keys exists
2017-01-01 08:55:42,861 - __main__ - INFO - client started
2017-01-01 08:55:42,879 - __main__ - INFO - datagram received DATA #msg ALREADY_REGISTERED #pubkey LS0tLS1CRUdJTiBQVUJMSUMgS0VZLS0tLS0KTUlHZk1BMEdDU3FHU0liM0RRRUJBUVVBQTRHTkFEQ0JpUUtCZ1FDdlZ6QU5YdUUvM0Y5a2VRc2JHbVRWNDY0WApjWWQ5dnl1OHM4MlZRcXh0NFJBQitHREVGSHRHRjlQOEtzVFNvRjJYMWVEeVpNOS9NTENLVFB2dGN5bkluOVExCnl6YVZwTm9xQWcwaXI5enB2MSszZzRWazZBUGR6QUdmZ1NCSmtnYjJHUzNpa21KdjVEYmhjY0d0dmQ5akx0NHcKQjNJYWtRUnBSSkRnRUVaWE9RSURBUUFCCi0tLS0tRU5EIFBVQkxJQyBLRVktLS0tLQ==  #time 1483241142.88 ^mysensors dGRcreOwRI3qLAItpZjwag/ldJ87m+s2ENQ7kgv0iY48eR1MOU0BBoEdlU4KdLw01SCcDTGn/JVlECiehvms8AGIVT6zATfSMiaTq3jfRTY/QBW8/UP/CiXj0plU6HA0fff08mJCQkpN2JPhOFa0tj0WmqPocqFyeDUY7GGzQwQ=
2017-01-01 08:55:42,879 - src.utils.senz_parser - INFO -                                                             DATA
2017-01-01 08:55:42,879 - src.utils.senz_parser - INFO -                                                             dGRcreOwRI3qLAItpZjwag/ldJ87m+s2ENQ7kgv0iY48eR1MOU0BBoEdlU4KdLw01SCcDTGn/JVlECiehvms8AGIVT6zATfSMiaTq3jfRTY/QBW8/UP/CiXj0plU6HA0fff08mJCQkpN2JPhOFa0tj0WmqPocqFyeDUY7GGzQwQ=
2017-01-01 08:55:42,879 - src.utils.senz_parser - INFO -                                                             mysensors
2017-01-01 08:55:42,880 - src.utils.senz_parser - INFO -                                                             None
2017-01-01 08:55:42,880 - src.utils.senz_parser - INFO -                                                             {'#pubkey': 'LS0tLS1CRUdJTiBQVUJMSUMgS0VZLS0tLS0KTUlHZk1BMEdDU3FHU0liM0RRRUJBUVVBQTRHTkFEQ0JpUUtCZ1FDdlZ6QU5YdUUvM0Y5a2VRc2JHbVRWNDY0WApjWWQ5dnl1OHM4MlZRcXh0NFJBQitHREVGSHRHRjlQOEtzVFNvRjJYMWVEeVpNOS9NTENLVFB2dGN5bkluOVExCnl6YVZwTm9xQWcwaXI5enB2MSszZzRWazZBUGR6QUdmZ1NCSmtnYjJHUzNpa21KdjVEYmhjY0d0dmQ5akx0NHcKQjNJYWtRUnBSSkRnRUVaWE9RSURBUUFCCi0tLS0tRU5EIFBVQkxJQyBLRVktLS0tLQ==', '#time': '1483241142.88', '#msg': 'ALREADY_REGISTERED'}
2017-01-01 08:55:42,894 - handlers.senz_handler - INFO - senz received DATA
2017-01-01 08:55:42,898 - handlers.senz_handler - INFO - Post Handled
2017-01-01 08:55:46,447 - handlers.senz_handler - INFO - read senz: SHARE #COIN_VALUE  #f cv @baseNode  ^node3 CWfjtkqiq+xxOgEmVeWzCbIQ9V4deIBcamKTltT6mecFyIl+89p3bKffE0uVSTHHM7l/nJQGBdVXK3YDXOarewvW7TXdjxZbqI7NddNI4pkVOaVgXP1qclY/9dcV38ZxnGYuKv6SZLz+Vc/udFQDYRAiCFCOG6PIkqlyODlvzn0=
2017-01-01 08:55:46,535 - utils.senz_parser - INFO -                                                             PUT
2017-01-01 08:55:46,535 - utils.senz_parser - INFO -                                                             CZhjSZ0//pFZi8Xk7C9nX1o9BYg0aSJmfqbccQFq3EgdwHFg1/YPGjdy3atDYJPbdaHJN0QZJuB9zF/CfW+OHeJXACB/QPAakINn+SA/3G2nrAGtXe00NzfrJKaBZfUdD/3kYn0hryGfae/WkWv/YbIcIAIcz07UyZtFVm9u5k4=
2017-01-01 08:55:46,535 - utils.senz_parser - INFO -                                                             baseNode
2017-01-01 08:55:46,536 - utils.senz_parser - INFO -                                                             node3
2017-01-01 08:55:46,536 - utils.senz_parser - INFO -                                                             {'#COIN_VALUE': '0.45'}
2017-01-01 08:59:59,837 - __main__ - INFO - Starting the SCPP Miner TWO Application..!
2017-01-01 08:59:59,838 - src.utils.crypto_utils - INFO -                                                             keys exists
2017-01-01 08:59:59,839 - __main__ - INFO - client started
2017-01-01 08:59:59,850 - __main__ - INFO - datagram received DATA #msg ALREADY_REGISTERED #pubkey LS0tLS1CRUdJTiBQVUJMSUMgS0VZLS0tLS0KTUlHZk1BMEdDU3FHU0liM0RRRUJBUVVBQTRHTkFEQ0JpUUtCZ1FDdlZ6QU5YdUUvM0Y5a2VRc2JHbVRWNDY0WApjWWQ5dnl1OHM4MlZRcXh0NFJBQitHREVGSHRHRjlQOEtzVFNvRjJYMWVEeVpNOS9NTENLVFB2dGN5bkluOVExCnl6YVZwTm9xQWcwaXI5enB2MSszZzRWazZBUGR6QUdmZ1NCSmtnYjJHUzNpa21KdjVEYmhjY0d0dmQ5akx0NHcKQjNJYWtRUnBSSkRnRUVaWE9RSURBUUFCCi0tLS0tRU5EIFBVQkxJQyBLRVktLS0tLQ==  #time 1483241399.85 ^mysensors KC9hIHNQrINbA/i+ZBUZo7NrgtnnvsIe9faTAsg3K4tf9BdpvLa4faeUBaVC7rFWqJBQAnF57CjZvdXM1NpwMSssKhJn7g9bqovCE0XvP/5jUeooK0i1HWBsP+poqeb7IvLLoP00rOUTyvEg2S9gtr63oM+0n5yxo2e2rN3tgJQ=
2017-01-01 08:59:59,850 - src.utils.senz_parser - INFO -                                                             DATA
2017-01-01 08:59:59,850 - src.utils.senz_parser - INFO -                                                             KC9hIHNQrINbA/i+ZBUZo7NrgtnnvsIe9faTAsg3K4tf9BdpvLa4faeUBaVC7rFWqJBQAnF57CjZvdXM1NpwMSssKhJn7g9bqovCE0XvP/5jUeooK0i1HWBsP+poqeb7IvLLoP00rOUTyvEg2S9gtr63oM+0n5yxo2e2rN3tgJQ=
2017-01-01 08:59:59,850 - src.utils.senz_parser - INFO -                                                             mysensors
2017-01-01 08:59:59,850 - src.utils.senz_parser - INFO -                                                             None
2017-01-01 08:59:59,851 - src.utils.senz_parser - INFO -                                                             {'#pubkey': 'LS0tLS1CRUdJTiBQVUJMSUMgS0VZLS0tLS0KTUlHZk1BMEdDU3FHU0liM0RRRUJBUVVBQTRHTkFEQ0JpUUtCZ1FDdlZ6QU5YdUUvM0Y5a2VRc2JHbVRWNDY0WApjWWQ5dnl1OHM4MlZRcXh0NFJBQitHREVGSHRHRjlQOEtzVFNvRjJYMWVEeVpNOS9NTENLVFB2dGN5bkluOVExCnl6YVZwTm9xQWcwaXI5enB2MSszZzRWazZBUGR6QUdmZ1NCSmtnYjJHUzNpa21KdjVEYmhjY0d0dmQ5akx0NHcKQjNJYWtRUnBSSkRnRUVaWE9RSURBUUFCCi0tLS0tRU5EIFBVQkxJQyBLRVktLS0tLQ==', '#time': '1483241399.85', '#msg': 'ALREADY_REGISTERED'}
2017-01-01 08:59:59,852 - handlers.senz_handler - INFO - senz received DATA
2017-01-01 08:59:59,859 - handlers.senz_handler - INFO - Post Handled
2017-01-01 09:00:06,727 - __main__ - INFO - datagram received PING
2017-01-01 09:00:26,744 - __main__ - INFO - datagram received PING
2017-01-01 09:00:27,466 - __main__ - INFO - Starting the SCPP Miner TWO Application..!
2017-01-01 09:00:27,467 - src.utils.crypto_utils - INFO -                                                             keys exists
2017-01-01 09:00:27,468 - __main__ - INFO - client started
2017-01-01 09:00:27,479 - __main__ - INFO - datagram received DATA #msg ALREADY_REGISTERED #pubkey LS0tLS1CRUdJTiBQVUJMSUMgS0VZLS0tLS0KTUlHZk1BMEdDU3FHU0liM0RRRUJBUVVBQTRHTkFEQ0JpUUtCZ1FDdlZ6QU5YdUUvM0Y5a2VRc2JHbVRWNDY0WApjWWQ5dnl1OHM4MlZRcXh0NFJBQitHREVGSHRHRjlQOEtzVFNvRjJYMWVEeVpNOS9NTENLVFB2dGN5bkluOVExCnl6YVZwTm9xQWcwaXI5enB2MSszZzRWazZBUGR6QUdmZ1NCSmtnYjJHUzNpa21KdjVEYmhjY0d0dmQ5akx0NHcKQjNJYWtRUnBSSkRnRUVaWE9RSURBUUFCCi0tLS0tRU5EIFBVQkxJQyBLRVktLS0tLQ==  #time 1483241427.48 ^mysensors eg3Sf63JxFnMM7M+BeFJkyLpLkPqqhA/5yqUL3kMsgZiLhLpI5dIuyzOYeBH+/+rMQSP+krczg+rEBS0OZNcQkXHGZUs4oS8WOSbzozAR8UOMqC7LzWjrN950nPeci1no6kpMcTVCY+xiOCCMBJkVvH04D4Xrx5jN6kgFyyJ5zs=
2017-01-01 09:00:27,479 - src.utils.senz_parser - INFO -                                                             DATA
2017-01-01 09:00:27,479 - src.utils.senz_parser - INFO -                                                             eg3Sf63JxFnMM7M+BeFJkyLpLkPqqhA/5yqUL3kMsgZiLhLpI5dIuyzOYeBH+/+rMQSP+krczg+rEBS0OZNcQkXHGZUs4oS8WOSbzozAR8UOMqC7LzWjrN950nPeci1no6kpMcTVCY+xiOCCMBJkVvH04D4Xrx5jN6kgFyyJ5zs=
2017-01-01 09:00:27,479 - src.utils.senz_parser - INFO -                                                             mysensors
2017-01-01 09:00:27,479 - src.utils.senz_parser - INFO -                                                             None
2017-01-01 09:00:27,480 - src.utils.senz_parser - INFO -                                                             {'#pubkey': 'LS0tLS1CRUdJTiBQVUJMSUMgS0VZLS0tLS0KTUlHZk1BMEdDU3FHU0liM0RRRUJBUVVBQTRHTkFEQ0JpUUtCZ1FDdlZ6QU5YdUUvM0Y5a2VRc2JHbVRWNDY0WApjWWQ5dnl1OHM4MlZRcXh0NFJBQitHREVGSHRHRjlQOEtzVFNvRjJYMWVEeVpNOS9NTENLVFB2dGN5bkluOVExCnl6YVZwTm9xQWcwaXI5enB2MSszZzRWazZBUGR6QUdmZ1NCSmtnYjJHUzNpa21KdjVEYmhjY0d0dmQ5akx0NHcKQjNJYWtRUnBSSkRnRUVaWE9RSURBUUFCCi0tLS0tRU5EIFBVQkxJQyBLRVktLS0tLQ==', '#time': '1483241427.48', '#msg': 'ALREADY_REGISTERED'}
2017-01-01 09:00:27,481 - handlers.senz_handler - INFO - senz received DATA
2017-01-01 09:00:27,487 - handlers.senz_handler - INFO - Post Handled
2017-01-01 09:00:46,758 - __main__ - INFO - datagram received PING
2017-01-01 09:01:06,774 - __main__ - INFO - datagram received PING
2017-01-01 09:01:26,777 - __main__ - INFO - datagram received PING
2017-01-01 09:01:46,783 - __main__ - INFO - datagram received PING
2017-01-01 09:01:49,005 - __main__ - INFO - Starting the SCPP Miner TWO Application..!
2017-01-01 09:01:49,005 - src.utils.crypto_utils - INFO -                                                             keys exists
2017-01-01 09:01:49,006 - __main__ - INFO - client started
2017-01-01 09:01:49,019 - __main__ - INFO - datagram received DATA #msg ALREADY_REGISTERED #pubkey LS0tLS1CRUdJTiBQVUJMSUMgS0VZLS0tLS0KTUlHZk1BMEdDU3FHU0liM0RRRUJBUVVBQTRHTkFEQ0JpUUtCZ1FDdlZ6QU5YdUUvM0Y5a2VRc2JHbVRWNDY0WApjWWQ5dnl1OHM4MlZRcXh0NFJBQitHREVGSHRHRjlQOEtzVFNvRjJYMWVEeVpNOS9NTENLVFB2dGN5bkluOVExCnl6YVZwTm9xQWcwaXI5enB2MSszZzRWazZBUGR6QUdmZ1NCSmtnYjJHUzNpa21KdjVEYmhjY0d0dmQ5akx0NHcKQjNJYWtRUnBSSkRnRUVaWE9RSURBUUFCCi0tLS0tRU5EIFBVQkxJQyBLRVktLS0tLQ==  #time 1483241509.02 ^mysensors dReM0jyOLtb/eXWipw8VGlWqsDSnP9OHwHlhDtdDtzbaQGnqQgHdZyx7S9wIEi4Tpaat3DxwPJFCA9OrmuNwGrnUgcu2D7tOnyqcPdNXsayZcTZeUvvSSEf40E15uB3tLC8v/wZVBlIDMYPDgHXbxeQ6QdTGmdWJa3uoInhLdUg=
2017-01-01 09:01:49,019 - src.utils.senz_parser - INFO -                                                             DATA
2017-01-01 09:01:49,020 - src.utils.senz_parser - INFO -                                                             dReM0jyOLtb/eXWipw8VGlWqsDSnP9OHwHlhDtdDtzbaQGnqQgHdZyx7S9wIEi4Tpaat3DxwPJFCA9OrmuNwGrnUgcu2D7tOnyqcPdNXsayZcTZeUvvSSEf40E15uB3tLC8v/wZVBlIDMYPDgHXbxeQ6QdTGmdWJa3uoInhLdUg=
2017-01-01 09:01:49,020 - src.utils.senz_parser - INFO -                                                             mysensors
2017-01-01 09:01:49,020 - src.utils.senz_parser - INFO -                                                             None
2017-01-01 09:01:49,020 - src.utils.senz_parser - INFO -                                                             {'#pubkey': 'LS0tLS1CRUdJTiBQVUJMSUMgS0VZLS0tLS0KTUlHZk1BMEdDU3FHU0liM0RRRUJBUVVBQTRHTkFEQ0JpUUtCZ1FDdlZ6QU5YdUUvM0Y5a2VRc2JHbVRWNDY0WApjWWQ5dnl1OHM4MlZRcXh0NFJBQitHREVGSHRHRjlQOEtzVFNvRjJYMWVEeVpNOS9NTENLVFB2dGN5bkluOVExCnl6YVZwTm9xQWcwaXI5enB2MSszZzRWazZBUGR6QUdmZ1NCSmtnYjJHUzNpa21KdjVEYmhjY0d0dmQ5akx0NHcKQjNJYWtRUnBSSkRnRUVaWE9RSURBUUFCCi0tLS0tRU5EIFBVQkxJQyBLRVktLS0tLQ==', '#time': '1483241509.02', '#msg': 'ALREADY_REGISTERED'}
2017-01-01 09:01:49,021 - handlers.senz_handler - INFO - senz received DATA
2017-01-01 09:01:49,027 - handlers.senz_handler - INFO - Post Handled
2017-01-01 09:01:55,340 - handlers.senz_handler - INFO - read senz: SHARE #COIN_VALUE  #f cv @baseNode  ^node3 CWfjtkqiq+xxOgEmVeWzCbIQ9V4deIBcamKTltT6mecFyIl+89p3bKffE0uVSTHHM7l/nJQGBdVXK3YDXOarewvW7TXdjxZbqI7NddNI4pkVOaVgXP1qclY/9dcV38ZxnGYuKv6SZLz+Vc/udFQDYRAiCFCOG6PIkqlyODlvzn0=
2017-01-01 09:01:55,376 - utils.senz_parser - INFO -                                                             PUT
2017-01-01 09:01:55,377 - utils.senz_parser - INFO -                                                             CZhjSZ0//pFZi8Xk7C9nX1o9BYg0aSJmfqbccQFq3EgdwHFg1/YPGjdy3atDYJPbdaHJN0QZJuB9zF/CfW+OHeJXACB/QPAakINn+SA/3G2nrAGtXe00NzfrJKaBZfUdD/3kYn0hryGfae/WkWv/YbIcIAIcz07UyZtFVm9u5k4=
2017-01-01 09:01:55,377 - utils.senz_parser - INFO -                                                             baseNode
2017-01-01 09:01:55,377 - utils.senz_parser - INFO -                                                             node3
2017-01-01 09:01:55,377 - utils.senz_parser - INFO -                                                             {'#COIN_VALUE': '0.45'}
2017-01-01 09:03:14,145 - __main__ - INFO - Starting the SCPP Miner TWO Application..!
2017-01-01 09:03:14,145 - src.utils.crypto_utils - INFO -                                                             keys exists
2017-01-01 09:03:14,147 - __main__ - INFO - client started
2017-01-01 09:03:14,158 - __main__ - INFO - datagram received DATA #msg ALREADY_REGISTERED #pubkey LS0tLS1CRUdJTiBQVUJMSUMgS0VZLS0tLS0KTUlHZk1BMEdDU3FHU0liM0RRRUJBUVVBQTRHTkFEQ0JpUUtCZ1FDdlZ6QU5YdUUvM0Y5a2VRc2JHbVRWNDY0WApjWWQ5dnl1OHM4MlZRcXh0NFJBQitHREVGSHRHRjlQOEtzVFNvRjJYMWVEeVpNOS9NTENLVFB2dGN5bkluOVExCnl6YVZwTm9xQWcwaXI5enB2MSszZzRWazZBUGR6QUdmZ1NCSmtnYjJHUzNpa21KdjVEYmhjY0d0dmQ5akx0NHcKQjNJYWtRUnBSSkRnRUVaWE9RSURBUUFCCi0tLS0tRU5EIFBVQkxJQyBLRVktLS0tLQ==  #time 1483241594.16 ^mysensors KKPC680MIm5/r9OUr6Iu0US+22R2UdME10YxuqihWFoWqn3XV+BDwzRSEGntKJZ8LvvSNgrxZnC2Xpd7Rt6EsCB5RnhoIiuq0GfSII6sQUmtqnn7sJvF5Xt53a5oXpvdY8a+SoXczq++xW6DfoKW47H+PRA/IquJiikvsnEAD8c=
2017-01-01 09:03:14,158 - src.utils.senz_parser - INFO -                                                             DATA
2017-01-01 09:03:14,159 - src.utils.senz_parser - INFO -                                                             KKPC680MIm5/r9OUr6Iu0US+22R2UdME10YxuqihWFoWqn3XV+BDwzRSEGntKJZ8LvvSNgrxZnC2Xpd7Rt6EsCB5RnhoIiuq0GfSII6sQUmtqnn7sJvF5Xt53a5oXpvdY8a+SoXczq++xW6DfoKW47H+PRA/IquJiikvsnEAD8c=
2017-01-01 09:03:14,159 - src.utils.senz_parser - INFO -                                                             mysensors
2017-01-01 09:03:14,159 - src.utils.senz_parser - INFO -                                                             None
2017-01-01 09:03:14,159 - src.utils.senz_parser - INFO -                                                             {'#pubkey': 'LS0tLS1CRUdJTiBQVUJMSUMgS0VZLS0tLS0KTUlHZk1BMEdDU3FHU0liM0RRRUJBUVVBQTRHTkFEQ0JpUUtCZ1FDdlZ6QU5YdUUvM0Y5a2VRc2JHbVRWNDY0WApjWWQ5dnl1OHM4MlZRcXh0NFJBQitHREVGSHRHRjlQOEtzVFNvRjJYMWVEeVpNOS9NTENLVFB2dGN5bkluOVExCnl6YVZwTm9xQWcwaXI5enB2MSszZzRWazZBUGR6QUdmZ1NCSmtnYjJHUzNpa21KdjVEYmhjY0d0dmQ5akx0NHcKQjNJYWtRUnBSSkRnRUVaWE9RSURBUUFCCi0tLS0tRU5EIFBVQkxJQyBLRVktLS0tLQ==', '#time': '1483241594.16', '#msg': 'ALREADY_REGISTERED'}
2017-01-01 09:03:14,161 - handlers.senz_handler - INFO - senz received DATA
2017-01-01 09:03:14,167 - handlers.senz_handler - INFO - Post Handled
2017-01-01 09:03:16,013 - handlers.senz_handler - INFO - read senz: SHARE #COIN_VALUE  #f cv @baseNode  ^node3 CWfjtkqiq+xxOgEmVeWzCbIQ9V4deIBcamKTltT6mecFyIl+89p3bKffE0uVSTHHM7l/nJQGBdVXK3YDXOarewvW7TXdjxZbqI7NddNI4pkVOaVgXP1qclY/9dcV38ZxnGYuKv6SZLz+Vc/udFQDYRAiCFCOG6PIkqlyODlvzn0=
2017-01-01 09:03:16,041 - utils.senz_parser - INFO -                                                             PUT
2017-01-01 09:03:16,041 - utils.senz_parser - INFO -                                                             CZhjSZ0//pFZi8Xk7C9nX1o9BYg0aSJmfqbccQFq3EgdwHFg1/YPGjdy3atDYJPbdaHJN0QZJuB9zF/CfW+OHeJXACB/QPAakINn+SA/3G2nrAGtXe00NzfrJKaBZfUdD/3kYn0hryGfae/WkWv/YbIcIAIcz07UyZtFVm9u5k4=
2017-01-01 09:03:16,041 - utils.senz_parser - INFO -                                                             baseNode
2017-01-01 09:03:16,041 - utils.senz_parser - INFO -                                                             node3
2017-01-01 09:03:16,042 - utils.senz_parser - INFO -                                                             {'#COIN_VALUE': '0.45'}
2017-01-01 09:03:39,738 - __main__ - INFO - Starting the SCPP Miner TWO Application..!
2017-01-01 09:03:39,738 - src.utils.crypto_utils - INFO -                                                             keys exists
2017-01-01 09:03:39,740 - __main__ - INFO - client started
2017-01-01 09:03:39,756 - __main__ - INFO - datagram received DATA #msg ALREADY_REGISTERED #pubkey LS0tLS1CRUdJTiBQVUJMSUMgS0VZLS0tLS0KTUlHZk1BMEdDU3FHU0liM0RRRUJBUVVBQTRHTkFEQ0JpUUtCZ1FDdlZ6QU5YdUUvM0Y5a2VRc2JHbVRWNDY0WApjWWQ5dnl1OHM4MlZRcXh0NFJBQitHREVGSHRHRjlQOEtzVFNvRjJYMWVEeVpNOS9NTENLVFB2dGN5bkluOVExCnl6YVZwTm9xQWcwaXI5enB2MSszZzRWazZBUGR6QUdmZ1NCSmtnYjJHUzNpa21KdjVEYmhjY0d0dmQ5akx0NHcKQjNJYWtRUnBSSkRnRUVaWE9RSURBUUFCCi0tLS0tRU5EIFBVQkxJQyBLRVktLS0tLQ==  #time 1483241619.75 ^mysensors m2xaf6CBaN6KcFDVMQ0zHbdUsSOFBXlFzggpC4CUZJG9uZlZms+THc2SKugjJCqVoHIY47h1lJ/P+FoMznbPi0syS+AgT3YXskNXVDrkhridZs8Pz/WEqwwODOR6HVpB/+EasdLybTAuo1TCH1JjCAjNf2XdV514ygzpRPJcues=
2017-01-01 09:03:39,781 - src.utils.senz_parser - INFO -                                                             DATA
2017-01-01 09:03:39,782 - src.utils.senz_parser - INFO -                                                             m2xaf6CBaN6KcFDVMQ0zHbdUsSOFBXlFzggpC4CUZJG9uZlZms+THc2SKugjJCqVoHIY47h1lJ/P+FoMznbPi0syS+AgT3YXskNXVDrkhridZs8Pz/WEqwwODOR6HVpB/+EasdLybTAuo1TCH1JjCAjNf2XdV514ygzpRPJcues=
2017-01-01 09:03:39,782 - src.utils.senz_parser - INFO -                                                             mysensors
2017-01-01 09:03:39,782 - src.utils.senz_parser - INFO -                                                             None
2017-01-01 09:03:39,782 - src.utils.senz_parser - INFO -                                                             {'#pubkey': 'LS0tLS1CRUdJTiBQVUJMSUMgS0VZLS0tLS0KTUlHZk1BMEdDU3FHU0liM0RRRUJBUVVBQTRHTkFEQ0JpUUtCZ1FDdlZ6QU5YdUUvM0Y5a2VRc2JHbVRWNDY0WApjWWQ5dnl1OHM4MlZRcXh0NFJBQitHREVGSHRHRjlQOEtzVFNvRjJYMWVEeVpNOS9NTENLVFB2dGN5bkluOVExCnl6YVZwTm9xQWcwaXI5enB2MSszZzRWazZBUGR6QUdmZ1NCSmtnYjJHUzNpa21KdjVEYmhjY0d0dmQ5akx0NHcKQjNJYWtRUnBSSkRnRUVaWE9RSURBUUFCCi0tLS0tRU5EIFBVQkxJQyBLRVktLS0tLQ==', '#time': '1483241619.75', '#msg': 'ALREADY_REGISTERED'}
2017-01-01 09:03:39,783 - handlers.senz_handler - INFO - senz received DATA
2017-01-01 09:03:39,787 - handlers.senz_handler - INFO - Post Handled
2017-01-01 09:03:46,828 - __main__ - INFO - datagram received PING
2017-01-01 09:04:05,797 - __main__ - INFO - Starting the SCPP Miner TWO Application..!
2017-01-01 09:04:05,797 - src.utils.crypto_utils - INFO -                                                             keys exists
2017-01-01 09:04:05,799 - __main__ - INFO - client started
2017-01-01 09:04:05,816 - __main__ - INFO - datagram received DATA #msg ALREADY_REGISTERED #pubkey LS0tLS1CRUdJTiBQVUJMSUMgS0VZLS0tLS0KTUlHZk1BMEdDU3FHU0liM0RRRUJBUVVBQTRHTkFEQ0JpUUtCZ1FDdlZ6QU5YdUUvM0Y5a2VRc2JHbVRWNDY0WApjWWQ5dnl1OHM4MlZRcXh0NFJBQitHREVGSHRHRjlQOEtzVFNvRjJYMWVEeVpNOS9NTENLVFB2dGN5bkluOVExCnl6YVZwTm9xQWcwaXI5enB2MSszZzRWazZBUGR6QUdmZ1NCSmtnYjJHUzNpa21KdjVEYmhjY0d0dmQ5akx0NHcKQjNJYWtRUnBSSkRnRUVaWE9RSURBUUFCCi0tLS0tRU5EIFBVQkxJQyBLRVktLS0tLQ==  #time 1483241645.81 ^mysensors Jr/nZOX2dNUUt7jsmY8UJxOGxX8gpXcaSNx1QrOU8PIu3+nIRp3i4WDwi8oynWdVruaVLM9uCYaXbKFIpngQd5AjkUyq3jySBqvZ2CFaCr2Kvq6z4Pk01NhyvtPr9v4KVTjawf2k8IiNYTizV7qFdQDEHPBSV0/SqBZUYM8gMAI=
2017-01-01 09:04:05,816 - src.utils.senz_parser - INFO -                                                             DATA
2017-01-01 09:04:05,817 - src.utils.senz_parser - INFO -                                                             Jr/nZOX2dNUUt7jsmY8UJxOGxX8gpXcaSNx1QrOU8PIu3+nIRp3i4WDwi8oynWdVruaVLM9uCYaXbKFIpngQd5AjkUyq3jySBqvZ2CFaCr2Kvq6z4Pk01NhyvtPr9v4KVTjawf2k8IiNYTizV7qFdQDEHPBSV0/SqBZUYM8gMAI=
2017-01-01 09:04:05,817 - src.utils.senz_parser - INFO -                                                             mysensors
2017-01-01 09:04:05,817 - src.utils.senz_parser - INFO -                                                             None
2017-01-01 09:04:05,817 - src.utils.senz_parser - INFO -                                                             {'#pubkey': 'LS0tLS1CRUdJTiBQVUJMSUMgS0VZLS0tLS0KTUlHZk1BMEdDU3FHU0liM0RRRUJBUVVBQTRHTkFEQ0JpUUtCZ1FDdlZ6QU5YdUUvM0Y5a2VRc2JHbVRWNDY0WApjWWQ5dnl1OHM4MlZRcXh0NFJBQitHREVGSHRHRjlQOEtzVFNvRjJYMWVEeVpNOS9NTENLVFB2dGN5bkluOVExCnl6YVZwTm9xQWcwaXI5enB2MSszZzRWazZBUGR6QUdmZ1NCSmtnYjJHUzNpa21KdjVEYmhjY0d0dmQ5akx0NHcKQjNJYWtRUnBSSkRnRUVaWE9RSURBUUFCCi0tLS0tRU5EIFBVQkxJQyBLRVktLS0tLQ==', '#time': '1483241645.81', '#msg': 'ALREADY_REGISTERED'}
2017-01-01 09:04:05,819 - handlers.senz_handler - INFO - senz received DATA
2017-01-01 09:04:05,825 - handlers.senz_handler - INFO - Post Handled
2017-01-01 09:04:06,829 - __main__ - INFO - datagram received PING
2017-01-01 09:04:07,467 - handlers.senz_handler - INFO - read senz: SHARE #COIN_VALUE  #f cv @baseNode  ^node3 CWfjtkqiq+xxOgEmVeWzCbIQ9V4deIBcamKTltT6mecFyIl+89p3bKffE0uVSTHHM7l/nJQGBdVXK3YDXOarewvW7TXdjxZbqI7NddNI4pkVOaVgXP1qclY/9dcV38ZxnGYuKv6SZLz+Vc/udFQDYRAiCFCOG6PIkqlyODlvzn0=
2017-01-01 09:04:07,497 - utils.senz_parser - INFO -                                                             PUT
2017-01-01 09:04:07,497 - utils.senz_parser - INFO -                                                             CZhjSZ0//pFZi8Xk7C9nX1o9BYg0aSJmfqbccQFq3EgdwHFg1/YPGjdy3atDYJPbdaHJN0QZJuB9zF/CfW+OHeJXACB/QPAakINn+SA/3G2nrAGtXe00NzfrJKaBZfUdD/3kYn0hryGfae/WkWv/YbIcIAIcz07UyZtFVm9u5k4=
2017-01-01 09:04:07,497 - utils.senz_parser - INFO -                                                             baseNode
2017-01-01 09:04:07,497 - utils.senz_parser - INFO -                                                             node3
2017-01-01 09:04:07,497 - utils.senz_parser - INFO -                                                             {'#COIN_VALUE': '0.45'}
2017-01-01 09:07:25,249 - __main__ - INFO - Starting the SCPP Miner-2 Application..!
2017-01-01 09:07:25,249 - src.utils.crypto_utils - INFO -                                                             keys exists
2017-01-01 09:07:25,251 - __main__ - INFO - client started
2017-01-01 09:07:25,262 - __main__ - INFO - datagram received DATA #msg ALREADY_REGISTERED #pubkey LS0tLS1CRUdJTiBQVUJMSUMgS0VZLS0tLS0KTUlHZk1BMEdDU3FHU0liM0RRRUJBUVVBQTRHTkFEQ0JpUUtCZ1FDdlZ6QU5YdUUvM0Y5a2VRc2JHbVRWNDY0WApjWWQ5dnl1OHM4MlZRcXh0NFJBQitHREVGSHRHRjlQOEtzVFNvRjJYMWVEeVpNOS9NTENLVFB2dGN5bkluOVExCnl6YVZwTm9xQWcwaXI5enB2MSszZzRWazZBUGR6QUdmZ1NCSmtnYjJHUzNpa21KdjVEYmhjY0d0dmQ5akx0NHcKQjNJYWtRUnBSSkRnRUVaWE9RSURBUUFCCi0tLS0tRU5EIFBVQkxJQyBLRVktLS0tLQ==  #time 1483241845.26 ^mysensors B7ZLWLOM/77baxXwiI9A3S5FZ9w84MHGYgjN4xp3PdnwO3bIIWAGbll0hUggfs0vuXVnolPzrEA2iWuvUjYRq7V3yI0fQzbPz8Rywj1+/Xrxus7YNZOj68oe7nOUmZ0jy+wo+jocrqw/Rx588emnIBxeJ2SOMKUO2YMqPBMHaRQ=
2017-01-01 09:07:25,262 - src.utils.senz_parser - INFO -                                                             DATA
2017-01-01 09:07:25,263 - src.utils.senz_parser - INFO -                                                             B7ZLWLOM/77baxXwiI9A3S5FZ9w84MHGYgjN4xp3PdnwO3bIIWAGbll0hUggfs0vuXVnolPzrEA2iWuvUjYRq7V3yI0fQzbPz8Rywj1+/Xrxus7YNZOj68oe7nOUmZ0jy+wo+jocrqw/Rx588emnIBxeJ2SOMKUO2YMqPBMHaRQ=
2017-01-01 09:07:25,263 - src.utils.senz_parser - INFO -                                                             mysensors
2017-01-01 09:07:25,263 - src.utils.senz_parser - INFO -                                                             None
2017-01-01 09:07:25,263 - src.utils.senz_parser - INFO -                                                             {'#pubkey': 'LS0tLS1CRUdJTiBQVUJMSUMgS0VZLS0tLS0KTUlHZk1BMEdDU3FHU0liM0RRRUJBUVVBQTRHTkFEQ0JpUUtCZ1FDdlZ6QU5YdUUvM0Y5a2VRc2JHbVRWNDY0WApjWWQ5dnl1OHM4MlZRcXh0NFJBQitHREVGSHRHRjlQOEtzVFNvRjJYMWVEeVpNOS9NTENLVFB2dGN5bkluOVExCnl6YVZwTm9xQWcwaXI5enB2MSszZzRWazZBUGR6QUdmZ1NCSmtnYjJHUzNpa21KdjVEYmhjY0d0dmQ5akx0NHcKQjNJYWtRUnBSSkRnRUVaWE9RSURBUUFCCi0tLS0tRU5EIFBVQkxJQyBLRVktLS0tLQ==', '#time': '1483241845.26', '#msg': 'ALREADY_REGISTERED'}
2017-01-01 09:07:25,264 - handlers.senz_handler - INFO - senz received DATA
2017-01-01 09:07:25,269 - handlers.senz_handler - INFO - Post Handled
2017-01-01 09:07:26,915 - __main__ - INFO - datagram received PING
2017-01-01 09:07:30,870 - handlers.senz_handler - INFO - read senz: SHARE #COIN_VALUE  #f cv @baseNode  ^node3 CWfjtkqiq+xxOgEmVeWzCbIQ9V4deIBcamKTltT6mecFyIl+89p3bKffE0uVSTHHM7l/nJQGBdVXK3YDXOarewvW7TXdjxZbqI7NddNI4pkVOaVgXP1qclY/9dcV38ZxnGYuKv6SZLz+Vc/udFQDYRAiCFCOG6PIkqlyODlvzn0=
2017-01-01 09:07:30,901 - utils.senz_parser - INFO -                                                             PUT
2017-01-01 09:07:30,901 - utils.senz_parser - INFO -                                                             CZhjSZ0//pFZi8Xk7C9nX1o9BYg0aSJmfqbccQFq3EgdwHFg1/YPGjdy3atDYJPbdaHJN0QZJuB9zF/CfW+OHeJXACB/QPAakINn+SA/3G2nrAGtXe00NzfrJKaBZfUdD/3kYn0hryGfae/WkWv/YbIcIAIcz07UyZtFVm9u5k4=
2017-01-01 09:07:30,902 - utils.senz_parser - INFO -                                                             baseNode
2017-01-01 09:07:30,902 - utils.senz_parser - INFO -                                                             node3
2017-01-01 09:07:30,902 - utils.senz_parser - INFO -                                                             {'#COIN_VALUE': '0.45'}
2017-01-01 09:07:32,089 - src.utils.crypto_utils - INFO -                                                             keys exists
2017-01-01 09:07:32,102 - miner - INFO - client started
2017-01-01 09:07:32,119 - miner - INFO - datagram received DATA #msg ALREADY_REGISTERED #pubkey LS0tLS1CRUdJTiBQVUJMSUMgS0VZLS0tLS0KTUlHZk1BMEdDU3FHU0liM0RRRUJBUVVBQTRHTkFEQ0JpUUtCZ1FDdlZ6QU5YdUUvM0Y5a2VRc2JHbVRWNDY0WApjWWQ5dnl1OHM4MlZRcXh0NFJBQitHREVGSHRHRjlQOEtzVFNvRjJYMWVEeVpNOS9NTENLVFB2dGN5bkluOVExCnl6YVZwTm9xQWcwaXI5enB2MSszZzRWazZBUGR6QUdmZ1NCSmtnYjJHUzNpa21KdjVEYmhjY0d0dmQ5akx0NHcKQjNJYWtRUnBSSkRnRUVaWE9RSURBUUFCCi0tLS0tRU5EIFBVQkxJQyBLRVktLS0tLQ==  #time 1483241852.12 ^mysensors Mi/+eVC+76hQKHmAxkLmPNi8/2hos8UJ4nuRTa89NPuWKs+vZykOxhMKec/1M51EnbVWtNwurSczmX/FD/1kJWlhSoKbz4eS7cS9qHiiI8VbOw9RtTlh0PCm1YCK8nrxCDa6zPmcn8eJu3tBBmSSJe/pbYo4imNNh5CyEnRr0tI=
2017-01-01 09:07:32,120 - src.utils.senz_parser - INFO -                                                             DATA
2017-01-01 09:07:32,120 - src.utils.senz_parser - INFO -                                                             Mi/+eVC+76hQKHmAxkLmPNi8/2hos8UJ4nuRTa89NPuWKs+vZykOxhMKec/1M51EnbVWtNwurSczmX/FD/1kJWlhSoKbz4eS7cS9qHiiI8VbOw9RtTlh0PCm1YCK8nrxCDa6zPmcn8eJu3tBBmSSJe/pbYo4imNNh5CyEnRr0tI=
2017-01-01 09:07:32,120 - src.utils.senz_parser - INFO -                                                             mysensors
2017-01-01 09:07:32,121 - src.utils.senz_parser - INFO -                                                             None
2017-01-01 09:07:32,121 - src.utils.senz_parser - INFO -                                                             {'#pubkey': 'LS0tLS1CRUdJTiBQVUJMSUMgS0VZLS0tLS0KTUlHZk1BMEdDU3FHU0liM0RRRUJBUVVBQTRHTkFEQ0JpUUtCZ1FDdlZ6QU5YdUUvM0Y5a2VRc2JHbVRWNDY0WApjWWQ5dnl1OHM4MlZRcXh0NFJBQitHREVGSHRHRjlQOEtzVFNvRjJYMWVEeVpNOS9NTENLVFB2dGN5bkluOVExCnl6YVZwTm9xQWcwaXI5enB2MSszZzRWazZBUGR6QUdmZ1NCSmtnYjJHUzNpa21KdjVEYmhjY0d0dmQ5akx0NHcKQjNJYWtRUnBSSkRnRUVaWE9RSURBUUFCCi0tLS0tRU5EIFBVQkxJQyBLRVktLS0tLQ==', '#COIN_VALUE': '0.45', '#msg': 'ALREADY_REGISTERED', '#time': '1483241852.12'}
2017-01-01 09:07:32,122 - handlers.senz_handler - INFO - senz received DATA
2017-01-01 09:07:32,171 - handlers.senz_handler - INFO - Post Handled
2017-01-01 09:27:39,668 - __main__ - INFO - Starting the SCPP Miner-M2 Application..!
2017-01-01 09:27:39,668 - src.utils.crypto_utils - INFO -                                                             keys exists
2017-01-01 09:27:39,669 - __main__ - INFO - client started
2017-01-01 09:27:39,680 - __main__ - INFO - datagram received DATA #msg ALREADY_REGISTERED #pubkey LS0tLS1CRUdJTiBQVUJMSUMgS0VZLS0tLS0KTUlHZk1BMEdDU3FHU0liM0RRRUJBUVVBQTRHTkFEQ0JpUUtCZ1FDdlZ6QU5YdUUvM0Y5a2VRc2JHbVRWNDY0WApjWWQ5dnl1OHM4MlZRcXh0NFJBQitHREVGSHRHRjlQOEtzVFNvRjJYMWVEeVpNOS9NTENLVFB2dGN5bkluOVExCnl6YVZwTm9xQWcwaXI5enB2MSszZzRWazZBUGR6QUdmZ1NCSmtnYjJHUzNpa21KdjVEYmhjY0d0dmQ5akx0NHcKQjNJYWtRUnBSSkRnRUVaWE9RSURBUUFCCi0tLS0tRU5EIFBVQkxJQyBLRVktLS0tLQ==  #time 1483243059.68 ^mysensors pIVlicYy8Pqb4zJNCEv9zzW6/V07PhPFhnBwIApfMvfRi7ZXUQZYjr5UqqipYB2Q5PFKTQ8qBLLoR/eSBziQWVNOEoBPOOrFYzZDIxlWCgxDUbKUQCtBJ1wfLOcT3i6hXyagox5vCOHTk0+IiObGgBuEDzcixA+NMdZjF9woAbM=
2017-01-01 09:27:39,681 - src.utils.senz_parser - INFO -                                                             DATA
2017-01-01 09:27:39,681 - src.utils.senz_parser - INFO -                                                             pIVlicYy8Pqb4zJNCEv9zzW6/V07PhPFhnBwIApfMvfRi7ZXUQZYjr5UqqipYB2Q5PFKTQ8qBLLoR/eSBziQWVNOEoBPOOrFYzZDIxlWCgxDUbKUQCtBJ1wfLOcT3i6hXyagox5vCOHTk0+IiObGgBuEDzcixA+NMdZjF9woAbM=
2017-01-01 09:27:39,681 - src.utils.senz_parser - INFO -                                                             mysensors
2017-01-01 09:27:39,681 - src.utils.senz_parser - INFO -                                                             None
2017-01-01 09:27:39,681 - src.utils.senz_parser - INFO -                                                             {'#pubkey': 'LS0tLS1CRUdJTiBQVUJMSUMgS0VZLS0tLS0KTUlHZk1BMEdDU3FHU0liM0RRRUJBUVVBQTRHTkFEQ0JpUUtCZ1FDdlZ6QU5YdUUvM0Y5a2VRc2JHbVRWNDY0WApjWWQ5dnl1OHM4MlZRcXh0NFJBQitHREVGSHRHRjlQOEtzVFNvRjJYMWVEeVpNOS9NTENLVFB2dGN5bkluOVExCnl6YVZwTm9xQWcwaXI5enB2MSszZzRWazZBUGR6QUdmZ1NCSmtnYjJHUzNpa21KdjVEYmhjY0d0dmQ5akx0NHcKQjNJYWtRUnBSSkRnRUVaWE9RSURBUUFCCi0tLS0tRU5EIFBVQkxJQyBLRVktLS0tLQ==', '#time': '1483243059.68', '#msg': 'ALREADY_REGISTERED'}
2017-01-01 09:27:39,683 - handlers.senz_handler - INFO - senz received DATA
2017-01-01 09:27:39,688 - handlers.senz_handler - INFO - Post Handled
2017-01-01 09:27:47,439 - __main__ - INFO - datagram received PING
2017-01-01 09:27:47,713 - handlers.senz_handler - INFO - read senz: SHARE #COIN_VALUE  #f cv @baseNode  ^node3 CWfjtkqiq+xxOgEmVeWzCbIQ9V4deIBcamKTltT6mecFyIl+89p3bKffE0uVSTHHM7l/nJQGBdVXK3YDXOarewvW7TXdjxZbqI7NddNI4pkVOaVgXP1qclY/9dcV38ZxnGYuKv6SZLz+Vc/udFQDYRAiCFCOG6PIkqlyODlvzn0=
2017-01-01 09:27:47,747 - utils.senz_parser - INFO -                                                             PUT
2017-01-01 09:27:47,747 - utils.senz_parser - INFO -                                                             CZhjSZ0//pFZi8Xk7C9nX1o9BYg0aSJmfqbccQFq3EgdwHFg1/YPGjdy3atDYJPbdaHJN0QZJuB9zF/CfW+OHeJXACB/QPAakINn+SA/3G2nrAGtXe00NzfrJKaBZfUdD/3kYn0hryGfae/WkWv/YbIcIAIcz07UyZtFVm9u5k4=
2017-01-01 09:27:47,747 - utils.senz_parser - INFO -                                                             baseNode
2017-01-01 09:27:47,748 - utils.senz_parser - INFO -                                                             node3
2017-01-01 09:27:47,748 - utils.senz_parser - INFO -                                                             {'#COIN_VALUE': '0.45'}
2017-01-01 09:27:48,840 - src.utils.crypto_utils - INFO -                                                             keys exists
2017-01-01 09:27:48,844 - miner - INFO - client started
2017-01-01 09:27:48,862 - miner - INFO - datagram received DATA #msg ALREADY_REGISTERED #pubkey LS0tLS1CRUdJTiBQVUJMSUMgS0VZLS0tLS0KTUlHZk1BMEdDU3FHU0liM0RRRUJBUVVBQTRHTkFEQ0JpUUtCZ1FDdlZ6QU5YdUUvM0Y5a2VRc2JHbVRWNDY0WApjWWQ5dnl1OHM4MlZRcXh0NFJBQitHREVGSHRHRjlQOEtzVFNvRjJYMWVEeVpNOS9NTENLVFB2dGN5bkluOVExCnl6YVZwTm9xQWcwaXI5enB2MSszZzRWazZBUGR6QUdmZ1NCSmtnYjJHUzNpa21KdjVEYmhjY0d0dmQ5akx0NHcKQjNJYWtRUnBSSkRnRUVaWE9RSURBUUFCCi0tLS0tRU5EIFBVQkxJQyBLRVktLS0tLQ==  #time 1483243068.86 ^mysensors qKypGfcU2k6OJXfE+17BUn2cxjZCXpUHXwFovDHFKJ+SU7fFqWaxp6IRypFr+rYht+nLH84Frm9Q3X71KFEFZGb4fns7yGPgrtcW/MPUya14wgswCSduJsTZJMz+cqRq2xEM151P3CDz1tnj7CsUrDh53XQnkKqmCTGNMVV+qpo=
2017-01-01 09:27:48,862 - src.utils.senz_parser - INFO -                                                             DATA
2017-01-01 09:27:48,862 - src.utils.senz_parser - INFO -                                                             qKypGfcU2k6OJXfE+17BUn2cxjZCXpUHXwFovDHFKJ+SU7fFqWaxp6IRypFr+rYht+nLH84Frm9Q3X71KFEFZGb4fns7yGPgrtcW/MPUya14wgswCSduJsTZJMz+cqRq2xEM151P3CDz1tnj7CsUrDh53XQnkKqmCTGNMVV+qpo=
2017-01-01 09:27:48,862 - src.utils.senz_parser - INFO -                                                             mysensors
2017-01-01 09:27:48,862 - src.utils.senz_parser - INFO -                                                             None
2017-01-01 09:27:48,862 - src.utils.senz_parser - INFO -                                                             {'#pubkey': 'LS0tLS1CRUdJTiBQVUJMSUMgS0VZLS0tLS0KTUlHZk1BMEdDU3FHU0liM0RRRUJBUVVBQTRHTkFEQ0JpUUtCZ1FDdlZ6QU5YdUUvM0Y5a2VRc2JHbVRWNDY0WApjWWQ5dnl1OHM4MlZRcXh0NFJBQitHREVGSHRHRjlQOEtzVFNvRjJYMWVEeVpNOS9NTENLVFB2dGN5bkluOVExCnl6YVZwTm9xQWcwaXI5enB2MSszZzRWazZBUGR6QUdmZ1NCSmtnYjJHUzNpa21KdjVEYmhjY0d0dmQ5akx0NHcKQjNJYWtRUnBSSkRnRUVaWE9RSURBUUFCCi0tLS0tRU5EIFBVQkxJQyBLRVktLS0tLQ==', '#COIN_VALUE': '0.45', '#msg': 'ALREADY_REGISTERED', '#time': '1483243068.86'}
2017-01-01 09:27:48,864 - handlers.senz_handler - INFO - senz received DATA
2017-01-01 09:27:48,865 - handlers.senz_handler - INFO - Post Handled
