2016-08-09 11:20:45,174 - __main__ - INFO - Starting the SCPP Minner...!
2016-08-09 11:20:48,543 - myServer - INFO - Server Public Key :LS0tLS1CRUdJTiBQVUJMSUMgS0VZLS0tLS0KTUlHZk1BMEdDU3FHU0liM0RRRUJBUVVBQTRHTkFEQ0JpUUtCZ1FDdlZ6QU5YdUUvM0Y5a2VRc2JHbVRWNDY0WApjWWQ5dnl1OHM4MlZRcXh0NFJBQitHREVGSHRHRjlQOEtzVFNvRjJYMWVEeVpNOS9NTENLVFB2dGN5bkluOVExCnl6YVZwTm9xQWcwaXI5enB2MSszZzRWazZBUGR6QUdmZ1NCSmtnYjJHUzNpa21KdjVEYmhjY0d0dmQ5akx0NHcKQjNJYWtRUnBSSkRnRUVaWE9RSURBUUFCCi0tLS0tRU5EIFBVQkxJQyBLRVktLS0tLQ==
2016-08-09 11:20:48,550 - myServer - INFO - Server started
2016-08-09 11:20:52,904 - myServer - INFO - Switch Shut Down
2016-08-09 11:21:19,901 - __main__ - INFO - Starting the SCPP Minner...!
2016-08-09 11:21:23,937 - myServer - INFO - Server Public Key :LS0tLS1CRUdJTiBQVUJMSUMgS0VZLS0tLS0KTUlHZk1BMEdDU3FHU0liM0RRRUJBUVVBQTRHTkFEQ0JpUUtCZ1FDdlZ6QU5YdUUvM0Y5a2VRc2JHbVRWNDY0WApjWWQ5dnl1OHM4MlZRcXh0NFJBQitHREVGSHRHRjlQOEtzVFNvRjJYMWVEeVpNOS9NTENLVFB2dGN5bkluOVExCnl6YVZwTm9xQWcwaXI5enB2MSszZzRWazZBUGR6QUdmZ1NCSmtnYjJHUzNpa21KdjVEYmhjY0d0dmQ5akx0NHcKQjNJYWtRUnBSSkRnRUVaWE9RSURBUUFCCi0tLS0tRU5EIFBVQkxJQyBLRVktLS0tLQ==
2016-08-09 11:21:23,943 - myServer - INFO - Server started
2016-08-09 11:21:32,171 - myServer - INFO - Switch Shut Down
2016-08-09 11:21:39,759 - myServer - INFO - Server Public Key :LS0tLS1CRUdJTiBQVUJMSUMgS0VZLS0tLS0KTUlHZk1BMEdDU3FHU0liM0RRRUJBUVVBQTRHTkFEQ0JpUUtCZ1FDdlZ6QU5YdUUvM0Y5a2VRc2JHbVRWNDY0WApjWWQ5dnl1OHM4MlZRcXh0NFJBQitHREVGSHRHRjlQOEtzVFNvRjJYMWVEeVpNOS9NTENLVFB2dGN5bkluOVExCnl6YVZwTm9xQWcwaXI5enB2MSszZzRWazZBUGR6QUdmZ1NCSmtnYjJHUzNpa21KdjVEYmhjY0d0dmQ5akx0NHcKQjNJYWtRUnBSSkRnRUVaWE9RSURBUUFCCi0tLS0tRU5EIFBVQkxJQyBLRVktLS0tLQ==
2016-08-09 11:21:39,763 - myServer - INFO - Server started
2016-08-09 11:22:00,486 - myServer - INFO - Server Public Key :LS0tLS1CRUdJTiBQVUJMSUMgS0VZLS0tLS0KTUlHZk1BMEdDU3FHU0liM0RRRUJBUVVBQTRHTkFEQ0JpUUtCZ1FDdlZ6QU5YdUUvM0Y5a2VRc2JHbVRWNDY0WApjWWQ5dnl1OHM4MlZRcXh0NFJBQitHREVGSHRHRjlQOEtzVFNvRjJYMWVEeVpNOS9NTENLVFB2dGN5bkluOVExCnl6YVZwTm9xQWcwaXI5enB2MSszZzRWazZBUGR6QUdmZ1NCSmtnYjJHUzNpa21KdjVEYmhjY0d0dmQ5akx0NHcKQjNJYWtRUnBSSkRnRUVaWE9RSURBUUFCCi0tLS0tRU5EIFBVQkxJQyBLRVktLS0tLQ==
2016-08-09 11:22:24,313 - __main__ - INFO - Starting the SCPP Minner...!
2016-08-09 11:22:27,518 - myServer - INFO - Server Public Key :LS0tLS1CRUdJTiBQVUJMSUMgS0VZLS0tLS0KTUlHZk1BMEdDU3FHU0liM0RRRUJBUVVBQTRHTkFEQ0JpUUtCZ1FDdlZ6QU5YdUUvM0Y5a2VRc2JHbVRWNDY0WApjWWQ5dnl1OHM4MlZRcXh0NFJBQitHREVGSHRHRjlQOEtzVFNvRjJYMWVEeVpNOS9NTENLVFB2dGN5bkluOVExCnl6YVZwTm9xQWcwaXI5enB2MSszZzRWazZBUGR6QUdmZ1NCSmtnYjJHUzNpa21KdjVEYmhjY0d0dmQ5akx0NHcKQjNJYWtRUnBSSkRnRUVaWE9RSURBUUFCCi0tLS0tRU5EIFBVQkxJQyBLRVktLS0tLQ==
2016-08-09 11:22:27,523 - myServer - INFO - Server started
2016-08-09 11:22:30,475 - myServer - INFO - Switch Shut Down
2016-08-09 11:23:41,823 - __main__ - INFO - Starting the SCPP Minner...!
2016-08-09 11:23:45,382 - myServer - INFO - Server Public Key :LS0tLS1CRUdJTiBQVUJMSUMgS0VZLS0tLS0KTUlHZk1BMEdDU3FHU0liM0RRRUJBUVVBQTRHTkFEQ0JpUUtCZ1FDdlZ6QU5YdUUvM0Y5a2VRc2JHbVRWNDY0WApjWWQ5dnl1OHM4MlZRcXh0NFJBQitHREVGSHRHRjlQOEtzVFNvRjJYMWVEeVpNOS9NTENLVFB2dGN5bkluOVExCnl6YVZwTm9xQWcwaXI5enB2MSszZzRWazZBUGR6QUdmZ1NCSmtnYjJHUzNpa21KdjVEYmhjY0d0dmQ5akx0NHcKQjNJYWtRUnBSSkRnRUVaWE9RSURBUUFCCi0tLS0tRU5EIFBVQkxJQyBLRVktLS0tLQ==
2016-08-09 11:23:45,387 - myServer - INFO - Server started
2016-08-09 11:23:49,906 - myServer - INFO - Switch Shut Down
2016-08-09 11:23:54,259 - myServer - INFO - Server Public Key :LS0tLS1CRUdJTiBQVUJMSUMgS0VZLS0tLS0KTUlHZk1BMEdDU3FHU0liM0RRRUJBUVVBQTRHTkFEQ0JpUUtCZ1FDdlZ6QU5YdUUvM0Y5a2VRc2JHbVRWNDY0WApjWWQ5dnl1OHM4MlZRcXh0NFJBQitHREVGSHRHRjlQOEtzVFNvRjJYMWVEeVpNOS9NTENLVFB2dGN5bkluOVExCnl6YVZwTm9xQWcwaXI5enB2MSszZzRWazZBUGR6QUdmZ1NCSmtnYjJHUzNpa21KdjVEYmhjY0d0dmQ5akx0NHcKQjNJYWtRUnBSSkRnRUVaWE9RSURBUUFCCi0tLS0tRU5EIFBVQkxJQyBLRVktLS0tLQ==
2016-08-09 11:23:54,262 - myServer - INFO - Server started
2016-08-09 11:23:59,871 - myServer - INFO - Switch Shut Down
2016-08-09 11:24:05,190 - myServer - INFO - Server Public Key :LS0tLS1CRUdJTiBQVUJMSUMgS0VZLS0tLS0KTUlHZk1BMEdDU3FHU0liM0RRRUJBUVVBQTRHTkFEQ0JpUUtCZ1FDdlZ6QU5YdUUvM0Y5a2VRc2JHbVRWNDY0WApjWWQ5dnl1OHM4MlZRcXh0NFJBQitHREVGSHRHRjlQOEtzVFNvRjJYMWVEeVpNOS9NTENLVFB2dGN5bkluOVExCnl6YVZwTm9xQWcwaXI5enB2MSszZzRWazZBUGR6QUdmZ1NCSmtnYjJHUzNpa21KdjVEYmhjY0d0dmQ5akx0NHcKQjNJYWtRUnBSSkRnRUVaWE9RSURBUUFCCi0tLS0tRU5EIFBVQkxJQyBLRVktLS0tLQ==
2016-08-09 11:24:06,395 - myServer - INFO - Switch Shut Down
2016-08-09 11:24:22,033 - __main__ - INFO - Starting the SCPP Minner...!
2016-08-09 11:24:25,191 - myServer - INFO - Server Public Key :LS0tLS1CRUdJTiBQVUJMSUMgS0VZLS0tLS0KTUlHZk1BMEdDU3FHU0liM0RRRUJBUVVBQTRHTkFEQ0JpUUtCZ1FDdlZ6QU5YdUUvM0Y5a2VRc2JHbVRWNDY0WApjWWQ5dnl1OHM4MlZRcXh0NFJBQitHREVGSHRHRjlQOEtzVFNvRjJYMWVEeVpNOS9NTENLVFB2dGN5bkluOVExCnl6YVZwTm9xQWcwaXI5enB2MSszZzRWazZBUGR6QUdmZ1NCSmtnYjJHUzNpa21KdjVEYmhjY0d0dmQ5akx0NHcKQjNJYWtRUnBSSkRnRUVaWE9RSURBUUFCCi0tLS0tRU5EIFBVQkxJQyBLRVktLS0tLQ==
2016-08-09 11:24:25,197 - myServer - INFO - Server started
2016-08-09 11:24:30,222 - __main__ - INFO - Starting the SCPP Minner...!
2016-08-09 11:24:33,478 - myServer - INFO - Server Public Key :LS0tLS1CRUdJTiBQVUJMSUMgS0VZLS0tLS0KTUlHZk1BMEdDU3FHU0liM0RRRUJBUVVBQTRHTkFEQ0JpUUtCZ1FDdlZ6QU5YdUUvM0Y5a2VRc2JHbVRWNDY0WApjWWQ5dnl1OHM4MlZRcXh0NFJBQitHREVGSHRHRjlQOEtzVFNvRjJYMWVEeVpNOS9NTENLVFB2dGN5bkluOVExCnl6YVZwTm9xQWcwaXI5enB2MSszZzRWazZBUGR6QUdmZ1NCSmtnYjJHUzNpa21KdjVEYmhjY0d0dmQ5akx0NHcKQjNJYWtRUnBSSkRnRUVaWE9RSURBUUFCCi0tLS0tRU5EIFBVQkxJQyBLRVktLS0tLQ==
2016-08-09 11:25:08,663 - myServer - INFO - Switch Shut Down
2016-08-09 11:26:08,762 - __main__ - INFO - Starting the SCPP Minner...!
2016-08-09 11:26:12,301 - myServer - INFO - Server Public Key :LS0tLS1CRUdJTiBQVUJMSUMgS0VZLS0tLS0KTUlHZk1BMEdDU3FHU0liM0RRRUJBUVVBQTRHTkFEQ0JpUUtCZ1FDdlZ6QU5YdUUvM0Y5a2VRc2JHbVRWNDY0WApjWWQ5dnl1OHM4MlZRcXh0NFJBQitHREVGSHRHRjlQOEtzVFNvRjJYMWVEeVpNOS9NTENLVFB2dGN5bkluOVExCnl6YVZwTm9xQWcwaXI5enB2MSszZzRWazZBUGR6QUdmZ1NCSmtnYjJHUzNpa21KdjVEYmhjY0d0dmQ5akx0NHcKQjNJYWtRUnBSSkRnRUVaWE9RSURBUUFCCi0tLS0tRU5EIFBVQkxJQyBLRVktLS0tLQ==
2016-08-09 11:26:12,306 - myServer - INFO - Server started
2016-08-09 11:26:15,973 - __main__ - INFO - Starting the SCPP Minner...!
2016-08-09 11:26:19,180 - myServer - INFO - Server Public Key :LS0tLS1CRUdJTiBQVUJMSUMgS0VZLS0tLS0KTUlHZk1BMEdDU3FHU0liM0RRRUJBUVVBQTRHTkFEQ0JpUUtCZ1FDdlZ6QU5YdUUvM0Y5a2VRc2JHbVRWNDY0WApjWWQ5dnl1OHM4MlZRcXh0NFJBQitHREVGSHRHRjlQOEtzVFNvRjJYMWVEeVpNOS9NTENLVFB2dGN5bkluOVExCnl6YVZwTm9xQWcwaXI5enB2MSszZzRWazZBUGR6QUdmZ1NCSmtnYjJHUzNpa21KdjVEYmhjY0d0dmQ5akx0NHcKQjNJYWtRUnBSSkRnRUVaWE9RSURBUUFCCi0tLS0tRU5EIFBVQkxJQyBLRVktLS0tLQ==
2016-08-09 11:26:36,561 - myServer - INFO - Switch Shut Down
2016-08-09 18:31:20,783 - __main__ - INFO - Starting the SCPP Minner...!
2016-08-09 18:31:24,759 - myServer - INFO - Server Public Key :LS0tLS1CRUdJTiBQVUJMSUMgS0VZLS0tLS0KTUlHZk1BMEdDU3FHU0liM0RRRUJBUVVBQTRHTkFEQ0JpUUtCZ1FDdlZ6QU5YdUUvM0Y5a2VRc2JHbVRWNDY0WApjWWQ5dnl1OHM4MlZRcXh0NFJBQitHREVGSHRHRjlQOEtzVFNvRjJYMWVEeVpNOS9NTENLVFB2dGN5bkluOVExCnl6YVZwTm9xQWcwaXI5enB2MSszZzRWazZBUGR6QUdmZ1NCSmtnYjJHUzNpa21KdjVEYmhjY0d0dmQ5akx0NHcKQjNJYWtRUnBSSkRnRUVaWE9RSURBUUFCCi0tLS0tRU5EIFBVQkxJQyBLRVktLS0tLQ==
2016-08-09 18:31:24,765 - myServer - INFO - Server started
2016-08-09 18:32:33,006 - myServer - INFO - senz received:  DATA #time 1470747750 @mysensors ^uma Y8bYcMy+xFnN7rymuHmxMgTL1fYXTce/RWv2YtuvDtPySzz9o6RO46Sp73gjozLmwE4HsO1C5Gt4PIcd+lZXc5fcpK4cw6/rGJYfNwGHLWUABIpi03IUAjGYKgnrW5huxz+1RJKmm59yUrMnwTMCY6Vh/pGAf3BA0M22Wjh0bcE=
2016-08-09 18:32:50,790 - myServer - INFO - senz received:  SHARE #msg #balance #time 1470747768 @node1 ^uma o4/6c4lmJPwt5SW/7jaVa/RnMVLNyvSPiILdX5T/q9O/7XbyNRsaoePCMiDoPX5scJi300dmVruCMMSMNCDc/GpEfbpKK6jyK6q4z6hR0IdmNq6Kbb6hHwoutZx1gDF7N8IPEqW7enl/muP4JSxEdJEoy6NDSMnu+K0fy12gU1w=
2016-08-09 19:30:53,383 - myServer - INFO - senz received:  SHARE #pubkey MIGfMA0GCSqGSIb3DQEBAQUAA4GNADCBiQKBgQDL8es4/oZfPEC2vAeS5ar6qTqVzsf/2E1yv/03SvT3meS8Ou08HKIXeoPg5vLjwEuC5XBBFxGHlwMyS7mPaCsZdCF5MyTwT5OAH7YWZTC1wn6ZBD9aXcQQTI4sZ+y3RBcjh1Pl7aDSciQc6HN5l6LhgSW/wm8YV/HWHSYpjt2U5wIDAQAB #time 1470751250 @mysensors ^uma MK9uaa2x2EVkihHh73pXWtcf46MWwwZGELXcxCgoSeULQZAPfJDXEq7cdYjMnaNtZ6qtpkVxwyMVTbnBsbo25ciI4AVgqrorob9bSLTFPmq4m46ZnfhdG738Eddg6GKwOnrnFw5DfNLYqDZjv2sC1IdDqw6jYVsSlBTwq2GorzQ=
2016-08-09 19:31:12,949 - myServer - INFO - Registration status: DONE
2016-08-09 19:31:15,495 - myServer - INFO - senz received:  SHARE #pubkey MIGfMA0GCSqGSIb3DQEBAQUAA4GNADCBiQKBgQDL8es4/oZfPEC2vAeS5ar6qTqVzsf/2E1yv/03SvT3meS8Ou08HKIXeoPg5vLjwEuC5XBBFxGHlwMyS7mPaCsZdCF5MyTwT5OAH7YWZTC1wn6ZBD9aXcQQTI4sZ+y3RBcjh1Pl7aDSciQc6HN5l6LhgSW/wm8YV/HWHSYpjt2U5wIDAQAB #time 1470751255 @mysensors ^uma MgGMwLGLfsQ1pF8G0Yz/q/PtgJmTLms+tpsW9jD0bK1z5WKJxdYSsDNQ4xXkajw3weEDHESkltXsHtcjsAVokfQGY1PcXBTNIkkIyayhB05B1B3xRD2Nwu+2TL08aWy9UwTIoY/b2c8Jt9p0zyL4fd9KLtLjwFUH5VcjFpFNf0s=
2016-08-09 19:31:15,501 - myServer - INFO - Registration status: REGISTERED
2016-08-09 19:31:15,541 - myServer - INFO - senz received:  SHARE #pubkey MIGfMA0GCSqGSIb3DQEBAQUAA4GNADCBiQKBgQDL8es4/oZfPEC2vAeS5ar6qTqVzsf/2E1yv/03SvT3meS8Ou08HKIXeoPg5vLjwEuC5XBBFxGHlwMyS7mPaCsZdCF5MyTwT5OAH7YWZTC1wn6ZBD9aXcQQTI4sZ+y3RBcjh1Pl7aDSciQc6HN5l6LhgSW/wm8YV/HWHSYpjt2U5wIDAQAB #time 1470751260 @mysensors ^uma MV/06FEJM46O38Jp/2bCF7Z1eck7TC8+lzbjYbQEkbP2Jvb5p6MwfxdJFobpTCdE8U8DYmer5JtaYrTW7hI8yRI238tDYmF4+kjZQp/2ze5Ee3PYAhn4GSsltWIHNjLQcpmtD3yejvJGHFgidNsflxp4aV71IRh875welm08WM8=
2016-08-09 19:31:15,544 - myServer - INFO - Registration status: REGISTERED
2016-08-09 19:38:22,247 - myServer - INFO - senz received:  DATA #time 1470751700 @mysensors ^uma TiS3XHB+cjU9jn6sQoSWRsvvFF2qOHC4dGFZWKL4KEfA/hM/LX+KNaEV+VIVyToGyv35MEnlJeFVIz/r99N2/R9RrEyEyQX2Wzi2+oaQIoThwwEeHXkq3D1uVsfuPBHYjor2Z4FwPUTGB4agyR+XGFbwh9hpYf9zb596Zg57ilE=
2016-08-09 19:39:45,856 - myServer - INFO - senz received:  SHARE #pubkey MIGfMA0GCSqGSIb3DQEBAQUAA4GNADCBiQKBgQDIMElEVWZHdLB7dUj9HXuzKMCz2N1ljkK848wuQaudopWfr/QQAKhZj0HPPUfQru9ai5geGNe8Tdy07Uhq5j8ec81FgXoLxLvYcH6eM7+YRnSG5uQGHdDJmhh4+W3Q4m/tL+PzJ1lBDAvt7JaTkbEXzfQgPJDvZgFcGFSqgYNMvQIDAQAB #time 1470751783 @mysensors ^kamal B5j3aXHJxWdOIwREHcWLqI+jaWq9uavY/TJB6W+yqbT90YDcBCFE9dBEwHtvgoCikLpnbAvEuhb5HWxOZwIG42S9gVF8Rg5qvp1zKsEEkFGMoLSxGrqBdxK4inQpTFQ+xcC7F2BIFoN+QNNEXmc7TDGp8ZG5ETIVE3eTDMJoLAo=
2016-08-09 19:39:46,387 - myServer - INFO - Registration status: DONE
2016-08-09 19:49:32,715 - myServer - INFO - Switch Shut Down
2016-08-09 20:01:04,941 - __main__ - INFO - Starting the SCPP Minner...!
2016-08-09 20:01:11,251 - myServer - INFO - Server Public Key :LS0tLS1CRUdJTiBQVUJMSUMgS0VZLS0tLS0KTUlHZk1BMEdDU3FHU0liM0RRRUJBUVVBQTRHTkFEQ0JpUUtCZ1FDdlZ6QU5YdUUvM0Y5a2VRc2JHbVRWNDY0WApjWWQ5dnl1OHM4MlZRcXh0NFJBQitHREVGSHRHRjlQOEtzVFNvRjJYMWVEeVpNOS9NTENLVFB2dGN5bkluOVExCnl6YVZwTm9xQWcwaXI5enB2MSszZzRWazZBUGR6QUdmZ1NCSmtnYjJHUzNpa21KdjVEYmhjY0d0dmQ5akx0NHcKQjNJYWtRUnBSSkRnRUVaWE9RSURBUUFCCi0tLS0tRU5EIFBVQkxJQyBLRVktLS0tLQ==
2016-08-09 20:01:11,255 - myServer - INFO - Server started
2016-08-09 20:01:40,270 - myServer - INFO - senz received:  DATA #time 1470753097 @mysensors ^kamal vMJ0F2L+alwuiLsVenmzeqZJ5mTNzkSCG8+SXA4I/AIFvN+RwAVDYthBYY8Fym+2vILqxUhkcq4TuihHjmXVLOs5JtQYNQAuNiRonukX+1q9kBN48/ztM8lyON5ZsN38YS9sJAbcNbOddLqlSi7xjeRawwuN3LFin8FJ1eUfpoo=
2016-08-09 20:01:41,904 - myServer - INFO - senz received:  SHARE #pubkey MIGfMA0GCSqGSIb3DQEBAQUAA4GNADCBiQKBgQDeLkKRhVWxEKNGj4OzG2l1HJEzv5+FdRk7jL8uTZ24aA2b4g9KjD9Ke/C+URMJ+VEIs0r0roq676PQLDIZhHeFsrrAwZ5ihqViQGp8hjsRD0BLy3YKV365iuQofzOUCfwdnsUoQVENDuZGpei1IKjKkhnHeFpJyhqAnRhRMnuuCwIDAQAB #time 1470753097 @mysensors ^uma Jlk15dlWOtDVgS8LbtocbmQH7fRMheLKNlUg/7tfLooviwzZECb7a+2x8sXmP8Xtyst2QnVou6CLm2qu0ZiBSjVv0sQ7rjHWo51+3eI/u7fsL8JeB3vHNbO3io0AT6JsL2LUp+Jh7S2yfhS2Pkc3VSfviyb4LjQizATZ9N0uy4g=
2016-08-09 20:01:41,907 - myServer - INFO - Registration status: FAIL
2016-08-09 20:01:51,714 - myServer - INFO - senz received:  SHARE #pubkey MIGfMA0GCSqGSIb3DQEBAQUAA4GNADCBiQKBgQDeLkKRhVWxEKNGj4OzG2l1HJEzv5+FdRk7jL8uTZ24aA2b4g9KjD9Ke/C+URMJ+VEIs0r0roq676PQLDIZhHeFsrrAwZ5ihqViQGp8hjsRD0BLy3YKV365iuQofzOUCfwdnsUoQVENDuZGpei1IKjKkhnHeFpJyhqAnRhRMnuuCwIDAQAB #time 1470753109 @mysensors ^uma1 WP9BxA/446CbZJ9G4Mxhx1MwhsQ866nQsd2rUk6TZIELfsAMr9hxPfQtknjj0FTyAlFiHGYftRwAmgZopEywE+cnjFatGc/1ha27h/uVn7gOFiDmPlTWPrklkGmLBWrll0okqOGwiQjQdVBpddPysA7WIvSQJRsL6iWt/9KPQOo=
2016-08-09 20:01:52,075 - myServer - INFO - Registration status: DONE
2016-08-09 20:02:03,314 - myServer - INFO - Switch Shut Down
2016-08-09 20:09:45,326 - __main__ - INFO - Starting the SCPP Minner...!
2016-08-09 20:09:49,113 - myServer - INFO - Server Public Key :LS0tLS1CRUdJTiBQVUJMSUMgS0VZLS0tLS0KTUlHZk1BMEdDU3FHU0liM0RRRUJBUVVBQTRHTkFEQ0JpUUtCZ1FDdlZ6QU5YdUUvM0Y5a2VRc2JHbVRWNDY0WApjWWQ5dnl1OHM4MlZRcXh0NFJBQitHREVGSHRHRjlQOEtzVFNvRjJYMWVEeVpNOS9NTENLVFB2dGN5bkluOVExCnl6YVZwTm9xQWcwaXI5enB2MSszZzRWazZBUGR6QUdmZ1NCSmtnYjJHUzNpa21KdjVEYmhjY0d0dmQ5akx0NHcKQjNJYWtRUnBSSkRnRUVaWE9RSURBUUFCCi0tLS0tRU5EIFBVQkxJQyBLRVktLS0tLQ==
2016-08-09 20:09:49,118 - myServer - INFO - Server started
2016-08-09 20:11:29,502 - myServer - INFO - senz received:  DATA #time 1470753687 @mysensors ^uma1 rAXEN8AYr6QmiopAH0LpmhuDK1/wHyNFqqay+1wgqrNHnP9mDkOhxpFvTxGwbLa6rAvnFdZVknkqIp7QERIESrW/Eg0TSokBnPvX6tjbUGqkLT5M70nfEVHjo3eSM6Ydvbub6+KC+CJEXMppEmpAIts0aDZXJy9oL3eAhIVLZSI=
2016-08-09 20:11:32,920 - myServer - INFO - senz received:  SHARE #pubkey MIGfMA0GCSqGSIb3DQEBAQUAA4GNADCBiQKBgQCuqbEhhKlr5l1jsnHipoDooNjzuHbiPXKop5UwsP8IhA5YJKRfQFQafI0K4/BYEHNNqOyeDobG3YWWAVrvw+SEflZtSh5fGUma1/EiqDhiikKTLOxCcbL9brZKCMaiszrca+NcLous2afFa9Xr8xGQhwv2rUlxi221927u3WdJkQIDAQAB #time 1470753687 @mysensors ^nuwan RJxoXeqb57+OEBmAOXkwgUwFFxVA+cu+rOQVeAa2AJLVKbIIoPPfn0A99WbJmm9Eoh36eyjFnyExR6te3Zwu/BrRRZxuPu17vdOf0lXSVtenrIT465BKW/5MDH6jUC4KiegHEC3MzrCu7sJF27rq2iuzaV1pTrGpwluPv4glfEc=
2016-08-09 20:11:33,953 - myServer - INFO - Registration status: DONE
2016-08-09 20:13:23,387 - myServer - INFO - Switch Shut Down
2016-08-09 21:07:00,650 - __main__ - INFO - Starting the SCPP Minner...!
2016-08-09 21:07:05,735 - myServer - INFO - Server Public Key :LS0tLS1CRUdJTiBQVUJMSUMgS0VZLS0tLS0KTUlHZk1BMEdDU3FHU0liM0RRRUJBUVVBQTRHTkFEQ0JpUUtCZ1FDdlZ6QU5YdUUvM0Y5a2VRc2JHbVRWNDY0WApjWWQ5dnl1OHM4MlZRcXh0NFJBQitHREVGSHRHRjlQOEtzVFNvRjJYMWVEeVpNOS9NTENLVFB2dGN5bkluOVExCnl6YVZwTm9xQWcwaXI5enB2MSszZzRWazZBUGR6QUdmZ1NCSmtnYjJHUzNpa21KdjVEYmhjY0d0dmQ5akx0NHcKQjNJYWtRUnBSSkRnRUVaWE9RSURBUUFCCi0tLS0tRU5EIFBVQkxJQyBLRVktLS0tLQ==
2016-08-09 21:07:05,740 - myServer - INFO - Server started
2016-08-09 21:10:35,621 - myServer - INFO - senz received:  DATA #time 1470754759 @mysensors ^nuwan HayysexJmV3Xzi35qQfGMF/1Ffu/pD0YDa9JFmJ0+8b1d+tPyzYYL8Ab1zUrOJpUHp+kgZTcgl9ciAQMM58SioqpQJVqWXHystn98iseCIU+aTk3kcMlef09JKOLN0ZIVIzQOCeRqjjXDgRcRX5c9gqmwke1HUUJPcP4f4jY/B8=
2016-08-09 21:10:36,339 - myServer - INFO - senz received:  SHARE #pubkey MIGfMA0GCSqGSIb3DQEBAQUAA4GNADCBiQKBgQCtiOGv9Nlnzbs+XPOXVRx2Zq9FwIwd17ityrqphM0aBDUnBPvXzWZdv7niEEKYEI/mXAyOGlAg1IKHtm2R1crLyt/Va1LoTKvALViDm4YGDmn9NAm+/0ppwtvOSSSBgtYGP5r1h97zyhm+OBfD6UBCUv0XdYqeeTU0BoPjXulUrQIDAQAB #time 1470754759 @mysensors ^uma2 oDiba/Ru1g3QrrfuvuL8RLgp7Uaj/6m8A514pHn5X1LtztfGsxT5foU4dD/nIpEtycO6j8YHdKUl+fCWDl0IzZZ9Ndll54c2Ezf1EXzR1ycDjn4CjgzfzQqCZIiAxV/Y9f7d7/2HO+Sqf+V5zm22r/yIXpIy5/NMmdIk/dP1FQU=
2016-08-09 21:10:36,851 - myServer - INFO - Registration status: DONE
2016-08-09 21:10:45,912 - myServer - INFO - Switch Shut Down
2016-08-10 06:57:58,643 - __main__ - INFO - Starting the SCPP Minner...!
2016-08-10 06:58:07,890 - myServer - INFO - Server Public Key :LS0tLS1CRUdJTiBQVUJMSUMgS0VZLS0tLS0KTUlHZk1BMEdDU3FHU0liM0RRRUJBUVVBQTRHTkFEQ0JpUUtCZ1FDdlZ6QU5YdUUvM0Y5a2VRc2JHbVRWNDY0WApjWWQ5dnl1OHM4MlZRcXh0NFJBQitHREVGSHRHRjlQOEtzVFNvRjJYMWVEeVpNOS9NTENLVFB2dGN5bkluOVExCnl6YVZwTm9xQWcwaXI5enB2MSszZzRWazZBUGR6QUdmZ1NCSmtnYjJHUzNpa21KdjVEYmhjY0d0dmQ5akx0NHcKQjNJYWtRUnBSSkRnRUVaWE9RSURBUUFCCi0tLS0tRU5EIFBVQkxJQyBLRVktLS0tLQ==
2016-08-10 06:58:07,896 - myServer - INFO - Server started
2016-08-10 06:58:22,574 - myServer - INFO - Switch Shut Down
2016-08-10 07:50:10,153 - __main__ - INFO - Starting the SCPP Minner...!
2016-08-10 07:50:13,995 - myServer - INFO - Server Public Key :LS0tLS1CRUdJTiBQVUJMSUMgS0VZLS0tLS0KTUlHZk1BMEdDU3FHU0liM0RRRUJBUVVBQTRHTkFEQ0JpUUtCZ1FDdlZ6QU5YdUUvM0Y5a2VRc2JHbVRWNDY0WApjWWQ5dnl1OHM4MlZRcXh0NFJBQitHREVGSHRHRjlQOEtzVFNvRjJYMWVEeVpNOS9NTENLVFB2dGN5bkluOVExCnl6YVZwTm9xQWcwaXI5enB2MSszZzRWazZBUGR6QUdmZ1NCSmtnYjJHUzNpa21KdjVEYmhjY0d0dmQ5akx0NHcKQjNJYWtRUnBSSkRnRUVaWE9RSURBUUFCCi0tLS0tRU5EIFBVQkxJQyBLRVktLS0tLQ==
2016-08-10 07:50:14,001 - myServer - INFO - Server started
2016-08-10 07:50:55,054 - myServer - INFO - senz received:  SHARE #pubkey LS0tLS1CRUdJTiBQVUJMSUMgS0VZLS0tLS0KTUlHZk1BMEdDU3FHU0liM0RRRUJBUVVBQTRHTkFEQ0JpUUtCZ1FDS1dKNVV0c0hPaTJKOWFKRHNCTGxhZnFFMwo1SkhtRFAxdXVOZytLeWhsYmRIV0VFQXRTZXBZVmVHUkFIYXc2U2d0UkxyM2RCYy9Nb0RRcGxoSHNxQ1d1Zk8yCkFHYlE1T1JlR2hnSFNBd0lubjBzeTdoTXZ3VEwwYWVXakUweXd6MlpYbFNzcFFQSmZRcnpUNjdiQWZPcWEzYlcKN2FIQ3A5Q0dEYnlIM1lLN1ZRSURBUUFCCi0tLS0tRU5EIFBVQkxJQyBLRVktLS0tLQ== #time 1470795655.03 @mysensors ^node1 Tm8AG9RIilmAOun6FestajBupJ8lIN4310Ahz9gMt02p/Pai87z11egiYXVDio8ChAfYKdHl4rNSOU+7H2oz7PNn8JV6UkEosIOfcvBfjoZ656OEN1TRWL69QGjiHAa+vr6Pow8TDpx0E4rF3xVuBuviLuYTfb7DZ4HRAcrVYeI=
2016-08-10 07:50:55,583 - myServer - INFO - Registration status: DONE
2016-08-10 08:11:07,418 - __main__ - INFO - Starting the SCPP Minner...!
2016-08-10 08:11:11,179 - myServer - INFO - Server Public Key :LS0tLS1CRUdJTiBQVUJMSUMgS0VZLS0tLS0KTUlHZk1BMEdDU3FHU0liM0RRRUJBUVVBQTRHTkFEQ0JpUUtCZ1FDdlZ6QU5YdUUvM0Y5a2VRc2JHbVRWNDY0WApjWWQ5dnl1OHM4MlZRcXh0NFJBQitHREVGSHRHRjlQOEtzVFNvRjJYMWVEeVpNOS9NTENLVFB2dGN5bkluOVExCnl6YVZwTm9xQWcwaXI5enB2MSszZzRWazZBUGR6QUdmZ1NCSmtnYjJHUzNpa21KdjVEYmhjY0d0dmQ5akx0NHcKQjNJYWtRUnBSSkRnRUVaWE9RSURBUUFCCi0tLS0tRU5EIFBVQkxJQyBLRVktLS0tLQ==
2016-08-10 08:11:11,184 - myServer - INFO - Server started
2016-08-10 08:13:44,176 - myServer - INFO - senz received:  SHARE #pubkey LS0tLS1CRUdJTiBQVUJMSUMgS0VZLS0tLS0KTUlHZk1BMEdDU3FHU0liM0RRRUJBUVVBQTRHTkFEQ0JpUUtCZ1FERmtJZmR2VUNTSXptK2xVMmhqZW9tRm9VYwpGbGphY1g1YVlVWkxHb3BUTjNvT0V0VFNIVXlqdkdvbjdmeFVQV29uZFNFSlRpcDBTMzFKSnUzWE4yUXhxNjJzCjl3Ti9GdkYzaGJxYTdnazZYTXd6cjNFdlNPaHJRRlNpdzVvaFNvZUFoc29lNUFUWDUzelNOUXVUcit4Q2ZkaXIKZUpacmlIL3NTNTFNekUyeGlRSURBUUFCCi0tLS0tRU5EIFBVQkxJQyBLRVktLS0tLQ== #time 1470797024.17 @mysensors ^node1 I24BxVvBk9AEQRwq6t/P8jUv8w2IA29MYrMFHIymto799iOrazFMtJ0A1ubL5luhOdy0GJd0dWJucplfGdftK/TcBciaGjUDDCFEoBYSB65vU3Y2seDmBmJNrzWcd9damFt/f79s+jGiJR64BfDhJ4jdKFllWXHA9UP0rTyzCn0=
2016-08-10 08:13:44,639 - myServer - INFO - Registration status: DONE
2016-08-10 08:29:14,061 - __main__ - INFO - Starting the SCPP Minner...!
2016-08-10 08:29:17,699 - myServer - INFO - Server Public Key :LS0tLS1CRUdJTiBQVUJMSUMgS0VZLS0tLS0KTUlHZk1BMEdDU3FHU0liM0RRRUJBUVVBQTRHTkFEQ0JpUUtCZ1FDdlZ6QU5YdUUvM0Y5a2VRc2JHbVRWNDY0WApjWWQ5dnl1OHM4MlZRcXh0NFJBQitHREVGSHRHRjlQOEtzVFNvRjJYMWVEeVpNOS9NTENLVFB2dGN5bkluOVExCnl6YVZwTm9xQWcwaXI5enB2MSszZzRWazZBUGR6QUdmZ1NCSmtnYjJHUzNpa21KdjVEYmhjY0d0dmQ5akx0NHcKQjNJYWtRUnBSSkRnRUVaWE9RSURBUUFCCi0tLS0tRU5EIFBVQkxJQyBLRVktLS0tLQ==
2016-08-10 08:29:28,529 - __main__ - INFO - Starting the SCPP Minner...!
2016-08-10 08:29:31,657 - myServer - INFO - Server Public Key :LS0tLS1CRUdJTiBQVUJMSUMgS0VZLS0tLS0KTUlHZk1BMEdDU3FHU0liM0RRRUJBUVVBQTRHTkFEQ0JpUUtCZ1FDdlZ6QU5YdUUvM0Y5a2VRc2JHbVRWNDY0WApjWWQ5dnl1OHM4MlZRcXh0NFJBQitHREVGSHRHRjlQOEtzVFNvRjJYMWVEeVpNOS9NTENLVFB2dGN5bkluOVExCnl6YVZwTm9xQWcwaXI5enB2MSszZzRWazZBUGR6QUdmZ1NCSmtnYjJHUzNpa21KdjVEYmhjY0d0dmQ5akx0NHcKQjNJYWtRUnBSSkRnRUVaWE9RSURBUUFCCi0tLS0tRU5EIFBVQkxJQyBLRVktLS0tLQ==
2016-08-10 08:29:31,662 - myServer - INFO - Server started
2016-08-10 08:29:40,980 - myServer - INFO - senz received:  SHARE #pubkey LS0tLS1CRUdJTiBQVUJMSUMgS0VZLS0tLS0KTUlHZk1BMEdDU3FHU0liM0RRRUJBUVVBQTRHTkFEQ0JpUUtCZ1FESXdyWS9PMm9nL2dVdzd0VXpFbnZiUmJoeApLK1hRUWJ2UmtYekVPaHhmejdGR001bkdNUmZTTDlyU3lNMXBJTTBIZUt4YThuRjhUeUVBVk5TdEtOTFdPTVJ4CmNNcTFjaEVJM1N2dlQwWmk0UFFwNXllTDFTOEtlTzZXaGJYejZVeXQ1QWFNNWlOVHR0S3EzYk42cjk3bG9RL0wKYzVwVmt1ZGkvcDVka1ZIbEd3SURBUUFCCi0tLS0tRU5EIFBVQkxJQyBLRVktLS0tLQ== #time 1470797980.98 @mysensors ^node1 K3/nMnaozj9wF6rL1eTfIT9bN7zkkefkSPGzJ7RmiDGl9HtQ7K51SAtm9i2rDKlnd4kL+Voy64kWUEAfzCOA91WVIZNFMay1LR9JNcc468gkB3jdsHJ7OgQZwGi/3AnmaQ2dpYZqXLM6bYsgggDltLvQiC9ZDJv0WRrab7UM2ew=
2016-08-10 08:29:41,481 - myServer - INFO - Registration status: DONE
2016-08-10 08:42:45,420 - myServer - INFO - Switch Shut Down
2016-08-10 08:42:48,357 - myServer - INFO - Server Public Key :LS0tLS1CRUdJTiBQVUJMSUMgS0VZLS0tLS0KTUlHZk1BMEdDU3FHU0liM0RRRUJBUVVBQTRHTkFEQ0JpUUtCZ1FDdlZ6QU5YdUUvM0Y5a2VRc2JHbVRWNDY0WApjWWQ5dnl1OHM4MlZRcXh0NFJBQitHREVGSHRHRjlQOEtzVFNvRjJYMWVEeVpNOS9NTENLVFB2dGN5bkluOVExCnl6YVZwTm9xQWcwaXI5enB2MSszZzRWazZBUGR6QUdmZ1NCSmtnYjJHUzNpa21KdjVEYmhjY0d0dmQ5akx0NHcKQjNJYWtRUnBSSkRnRUVaWE9RSURBUUFCCi0tLS0tRU5EIFBVQkxJQyBLRVktLS0tLQ==
2016-08-10 08:42:48,362 - myServer - INFO - Server started
2016-08-10 08:43:12,186 - __main__ - INFO - Starting the SCPP Minner...!
2016-08-10 08:43:15,437 - myServer - INFO - Server Public Key :LS0tLS1CRUdJTiBQVUJMSUMgS0VZLS0tLS0KTUlHZk1BMEdDU3FHU0liM0RRRUJBUVVBQTRHTkFEQ0JpUUtCZ1FDdlZ6QU5YdUUvM0Y5a2VRc2JHbVRWNDY0WApjWWQ5dnl1OHM4MlZRcXh0NFJBQitHREVGSHRHRjlQOEtzVFNvRjJYMWVEeVpNOS9NTENLVFB2dGN5bkluOVExCnl6YVZwTm9xQWcwaXI5enB2MSszZzRWazZBUGR6QUdmZ1NCSmtnYjJHUzNpa21KdjVEYmhjY0d0dmQ5akx0NHcKQjNJYWtRUnBSSkRnRUVaWE9RSURBUUFCCi0tLS0tRU5EIFBVQkxJQyBLRVktLS0tLQ==
2016-08-10 08:43:15,443 - myServer - INFO - Server started
2016-08-10 08:43:24,459 - myServer - INFO - senz received:  SHARE #pubkey LS0tLS1CRUdJTiBQVUJMSUMgS0VZLS0tLS0KTUlHZk1BMEdDU3FHU0liM0RRRUJBUVVBQTRHTkFEQ0JpUUtCZ1FDVDRkd1Y4Vy9wdGF5Z1p6b2phUm5jQTh2UwpFSXlKcy9aUUNQMmZNQkdnV0llUjBHRGhLQkxhNmt6d2NvS3dUU01tZlZzdjgzYXJaTGVlaHFINngvUEF0dFcyClh2dXNZQWxoU1JIK2xKcDRFV2g1Q2RlUVZYaGI3aVI3anFIMXFCcHViOFpSSEI4dVlGRHVqY0FtVkVSSDBDR0kKWERtYTFVVnVnZkhOd0gwSGxRSURBUUFCCi0tLS0tRU5EIFBVQkxJQyBLRVktLS0tLQ== #time 1470798804.46 @mysensors ^node1 JaLstnhq7GnFKc5GiiFheccbRj6nznUTDCE22pC1K2oKpze8es36ebTuYZnvD7zx+ZoBGGH0Z8lg6KvfK4deP4rciigids/o7PnyOshII+6cniP/u4mes4UO6ndiBmB2fWw1Tt5XPsn/dzpy+4+UrMWqyJwdUahkSbJsCV7C1PY=
2016-08-10 08:43:24,930 - myServer - INFO - Registration status: DONE
2016-08-10 08:54:57,602 - __main__ - INFO - Starting the SCPP Minner...!
2016-08-10 08:55:01,216 - myServer - INFO - Server Public Key :LS0tLS1CRUdJTiBQVUJMSUMgS0VZLS0tLS0KTUlHZk1BMEdDU3FHU0liM0RRRUJBUVVBQTRHTkFEQ0JpUUtCZ1FDdlZ6QU5YdUUvM0Y5a2VRc2JHbVRWNDY0WApjWWQ5dnl1OHM4MlZRcXh0NFJBQitHREVGSHRHRjlQOEtzVFNvRjJYMWVEeVpNOS9NTENLVFB2dGN5bkluOVExCnl6YVZwTm9xQWcwaXI5enB2MSszZzRWazZBUGR6QUdmZ1NCSmtnYjJHUzNpa21KdjVEYmhjY0d0dmQ5akx0NHcKQjNJYWtRUnBSSkRnRUVaWE9RSURBUUFCCi0tLS0tRU5EIFBVQkxJQyBLRVktLS0tLQ==
2016-08-10 08:55:01,221 - myServer - INFO - Server started
2016-08-10 08:55:07,887 - myServer - INFO - senz received:  SHARE #pubkey LS0tLS1CRUdJTiBQVUJMSUMgS0VZLS0tLS0KTUlHZk1BMEdDU3FHU0liM0RRRUJBUVVBQTRHTkFEQ0JpUUtCZ1FDVDRkd1Y4Vy9wdGF5Z1p6b2phUm5jQTh2UwpFSXlKcy9aUUNQMmZNQkdnV0llUjBHRGhLQkxhNmt6d2NvS3dUU01tZlZzdjgzYXJaTGVlaHFINngvUEF0dFcyClh2dXNZQWxoU1JIK2xKcDRFV2g1Q2RlUVZYaGI3aVI3anFIMXFCcHViOFpSSEI4dVlGRHVqY0FtVkVSSDBDR0kKWERtYTFVVnVnZkhOd0gwSGxRSURBUUFCCi0tLS0tRU5EIFBVQkxJQyBLRVktLS0tLQ== #time 1470799507.88 @mysensors ^node1 aGxEBvA+liqEE0jWau722hAYiRpVjmP90keSXGUEU5vBIJfKkx1BSoqUjeVmDZnRw95A872e0IeA0NjIoTHJRAjdiIBdlICcygL07ofau5w1bELrGiuLDaBta+1kruNlj01qn4uQLlU9NyZmhtPMunSpOzI6aeGXjfPDTu0piJ0=
2016-08-10 08:55:07,894 - myServer - INFO - Registration status: REGISTERED
2016-08-10 08:56:18,363 - myServer - INFO - senz received:  SHARE #pubkey LS0tLS1CRUdJTiBQVUJMSUMgS0VZLS0tLS0KTUlHZk1BMEdDU3FHU0liM0RRRUJBUVVBQTRHTkFEQ0JpUUtCZ1FDVDRkd1Y4Vy9wdGF5Z1p6b2phUm5jQTh2UwpFSXlKcy9aUUNQMmZNQkdnV0llUjBHRGhLQkxhNmt6d2NvS3dUU01tZlZzdjgzYXJaTGVlaHFINngvUEF0dFcyClh2dXNZQWxoU1JIK2xKcDRFV2g1Q2RlUVZYaGI3aVI3anFIMXFCcHViOFpSSEI4dVlGRHVqY0FtVkVSSDBDR0kKWERtYTFVVnVnZkhOd0gwSGxRSURBUUFCCi0tLS0tRU5EIFBVQkxJQyBLRVktLS0tLQ== #time 1470799578.36 @mysensors ^node1 czYmB4sN2E4kh85e1I5JcCaOkKjJp8YLh8w/8S9qZsqUCWdVuXa82ygSRR9Mwb7Pw60/MRff25hL6Pald9yVibL1/IXuCd0pOOB6Rkc/q0g42v9N1lNCI4ErJZ9QQnVygFgjJFlgnMiAN5XRh74+AqoecSfAKrvnPzYxysrpVRI=
2016-08-10 08:56:18,367 - myServer - INFO - Registration status: REGISTERED
2016-08-10 08:56:53,934 - myServer - INFO - senz received:  SHARE #pubkey LS0tLS1CRUdJTiBQVUJMSUMgS0VZLS0tLS0KTUlHZk1BMEdDU3FHU0liM0RRRUJBUVVBQTRHTkFEQ0JpUUtCZ1FDVDRkd1Y4Vy9wdGF5Z1p6b2phUm5jQTh2UwpFSXlKcy9aUUNQMmZNQkdnV0llUjBHRGhLQkxhNmt6d2NvS3dUU01tZlZzdjgzYXJaTGVlaHFINngvUEF0dFcyClh2dXNZQWxoU1JIK2xKcDRFV2g1Q2RlUVZYaGI3aVI3anFIMXFCcHViOFpSSEI4dVlGRHVqY0FtVkVSSDBDR0kKWERtYTFVVnVnZkhOd0gwSGxRSURBUUFCCi0tLS0tRU5EIFBVQkxJQyBLRVktLS0tLQ== #time 1470799613.93 @mysensors ^node1 LnlCgqh6N1NeKgA08W8tj7Exf4ZLj0eeYodNYn71JKf06Zz7eUpD8DlCi0ABKDkyZP6YXykl6+xHy20cpTuzF13sF4V6RBHnq1VwUujTlO2l2hqaf/7u6e4L6RDLmX/P4sSpJX2jn9U6z0vTdJdj//CDSkr5rvPIx1OZlUIIU7Q=
2016-08-10 08:56:53,937 - myServer - INFO - Registration status: REGISTERED
2016-08-10 09:20:24,418 - __main__ - INFO - Starting the SCPP Minner...!
2016-08-10 09:20:27,604 - myServer - INFO - Server Public Key :LS0tLS1CRUdJTiBQVUJMSUMgS0VZLS0tLS0KTUlHZk1BMEdDU3FHU0liM0RRRUJBUVVBQTRHTkFEQ0JpUUtCZ1FDdlZ6QU5YdUUvM0Y5a2VRc2JHbVRWNDY0WApjWWQ5dnl1OHM4MlZRcXh0NFJBQitHREVGSHRHRjlQOEtzVFNvRjJYMWVEeVpNOS9NTENLVFB2dGN5bkluOVExCnl6YVZwTm9xQWcwaXI5enB2MSszZzRWazZBUGR6QUdmZ1NCSmtnYjJHUzNpa21KdjVEYmhjY0d0dmQ5akx0NHcKQjNJYWtRUnBSSkRnRUVaWE9RSURBUUFCCi0tLS0tRU5EIFBVQkxJQyBLRVktLS0tLQ==
2016-08-10 09:20:27,612 - myServer - INFO - Server started
2016-08-10 09:20:59,809 - myServer - INFO - senz received:  SHARE #pubkey LS0tLS1CRUdJTiBQVUJMSUMgS0VZLS0tLS0KTUlHZk1BMEdDU3FHU0liM0RRRUJBUVVBQTRHTkFEQ0JpUUtCZ1FEa01COWFScEorbnhSdklvbHVkUVpZcWx6dgpLTGpWZ0gwUExqQkIwVHV5V1hPYjAxbVNxMDlGcXEvRW0xUkd6b1VLdnlzeEt3TXVReTI3ZlM1QmMrNjhwRGhrClpFdUgzVDJPa2s4Tkg2WEpndk8wZnRuZkU0SVZIbExDSHJ0elVYaldCemxJSG9aQW1HZlo5T25GTVdZckpyeEUKZUYvYXBCV3hadERDRm11TWd3SURBUUFCCi0tLS0tRU5EIFBVQkxJQyBLRVktLS0tLQ== #time 1470801059.81 @mysensors ^node1 lcc4woqs7GpF9nDDwllfETGCJt4agGzTx3Za8p7o0YQWXXexR/OpLKOk7ucwr/MTzJ+ZVEB8Hj4gX+gorWcTAG9EnOm5V1xxjcIZ35dzga7v5+LwOH9kAVkEf3+2aKse/xorPeS9+pUGAqC3dFfMoqqzIlenyEJA8bKeSznHLas=
2016-08-10 09:21:00,314 - myServer - INFO - Registration status: DONE
2016-08-10 09:30:59,380 - __main__ - INFO - Starting the SCPP Minner...!
2016-08-10 09:31:02,690 - myServer - INFO - Server Public Key :LS0tLS1CRUdJTiBQVUJMSUMgS0VZLS0tLS0KTUlHZk1BMEdDU3FHU0liM0RRRUJBUVVBQTRHTkFEQ0JpUUtCZ1FDdlZ6QU5YdUUvM0Y5a2VRc2JHbVRWNDY0WApjWWQ5dnl1OHM4MlZRcXh0NFJBQitHREVGSHRHRjlQOEtzVFNvRjJYMWVEeVpNOS9NTENLVFB2dGN5bkluOVExCnl6YVZwTm9xQWcwaXI5enB2MSszZzRWazZBUGR6QUdmZ1NCSmtnYjJHUzNpa21KdjVEYmhjY0d0dmQ5akx0NHcKQjNJYWtRUnBSSkRnRUVaWE9RSURBUUFCCi0tLS0tRU5EIFBVQkxJQyBLRVktLS0tLQ==
2016-08-10 09:31:02,695 - myServer - INFO - Server started
2016-08-10 09:31:08,304 - __main__ - INFO - Starting the SCPP Minner...!
2016-08-10 09:31:32,629 - myServer - INFO - senz received:  SHARE #pubkey LS0tLS1CRUdJTiBQVUJMSUMgS0VZLS0tLS0KTUlHZk1BMEdDU3FHU0liM0RRRUJBUVVBQTRHTkFEQ0JpUUtCZ1FDcjlmdmd4U09rY0orSnpSamdSQVdmSENmNwowbTlHOHIvOVBIaU52ZkVXalMwVHhEem5uYmVjWXpuMlZHL0pweE1udnczR3hTK3JHbEk3Ujk3RlB4VjlQWk1UCmRsRk02ZmhINzRoRUJXU0pKeFRiVDZJd28zTVdOS0dOejNwV1dNRDRhajFwdUpkdjFPNksybXkwSmJnSzNYMVAKNG4rV0Y5dy9DZ0Frd0s4TzJ3SURBUUFCCi0tLS0tRU5EIFBVQkxJQyBLRVktLS0tLQ== #time 1470801692.62 @mysensors ^baseNode aeGdNftl0SJ9ZWYBwzJf7RX+flKODNNiMCBvmkhdlbXsrd1NIKBmM+Rkxjk9tUs3XPVpXf5X1bw19ZZYSqSaRFtqdWYUJzFROKrooP472sDAYsMBBbN12aUvFhUuwLny4AnzFJqn/q4vDIrBNODoMutrYaI8C9t98rnwboI8Jgc=
2016-08-10 09:31:32,639 - myServer - INFO - Registration status: DONE
2016-08-10 09:58:35,138 - __main__ - INFO - Starting the SCPP Minner...!
2016-08-10 09:58:38,754 - myServer - INFO - Server Public Key :LS0tLS1CRUdJTiBQVUJMSUMgS0VZLS0tLS0KTUlHZk1BMEdDU3FHU0liM0RRRUJBUVVBQTRHTkFEQ0JpUUtCZ1FDdlZ6QU5YdUUvM0Y5a2VRc2JHbVRWNDY0WApjWWQ5dnl1OHM4MlZRcXh0NFJBQitHREVGSHRHRjlQOEtzVFNvRjJYMWVEeVpNOS9NTENLVFB2dGN5bkluOVExCnl6YVZwTm9xQWcwaXI5enB2MSszZzRWazZBUGR6QUdmZ1NCSmtnYjJHUzNpa21KdjVEYmhjY0d0dmQ5akx0NHcKQjNJYWtRUnBSSkRnRUVaWE9RSURBUUFCCi0tLS0tRU5EIFBVQkxJQyBLRVktLS0tLQ==
2016-08-10 09:58:38,759 - myServer - INFO - Server started
2016-08-10 09:58:44,468 - myServer - INFO - senz received:  SHARE #pubkey LS0tLS1CRUdJTiBQVUJMSUMgS0VZLS0tLS0KTUlHZk1BMEdDU3FHU0liM0RRRUJBUVVBQTRHTkFEQ0JpUUtCZ1FEa01COWFScEorbnhSdklvbHVkUVpZcWx6dgpLTGpWZ0gwUExqQkIwVHV5V1hPYjAxbVNxMDlGcXEvRW0xUkd6b1VLdnlzeEt3TXVReTI3ZlM1QmMrNjhwRGhrClpFdUgzVDJPa2s4Tkg2WEpndk8wZnRuZkU0SVZIbExDSHJ0elVYaldCemxJSG9aQW1HZlo5T25GTVdZckpyeEUKZUYvYXBCV3hadERDRm11TWd3SURBUUFCCi0tLS0tRU5EIFBVQkxJQyBLRVktLS0tLQ== #time 1470803324.46 @mysensors ^node1 nK3esCMgHATn/Nc4b9Bi5Vktd0UzBYn5VbOTMBVFm1xcL0oB+pVebU6emFX6Fvqq2NCRoaf83qgt9g4s0ayUP3jArdp2Gi9pihpMTfHKehlQJoo8Im8wjyjrS9Jrms7bHIaxge1FXq46l4ETi9XwKNJi8V9Kzq/lvurRa3lrHko=
2016-08-10 09:58:44,992 - myServer - INFO - Registration status: DONE
