2016-06-24 19:29:18,454 - utils.crypto_utils - INFO -                                                             keys exists
2016-06-24 19:29:18,454 - __main__ - INFO - client started
2016-06-24 19:29:18,460 - utils.senz_parser - INFO -                                                             DATA
2016-06-24 19:29:18,460 - utils.senz_parser - INFO -                                                             RaxfXLq2BeAOlUpRDK5AWxc8sh+4s+GlCNMEws6kUW7mlQIIsXmuzkC3UFNMo+1Lcoz1qFl9YtGwwdm3zk7qI+4NpuIcOqOd6+UvTnvQCpQ5lP8mBPZybqXWchQGiB9HnyW/mXr1N7NE73EuHNvcxaiEmKNxEw1qC36JsitzsYk=
2016-06-24 19:29:18,460 - utils.senz_parser - INFO -                                                             mysensors
2016-06-24 19:29:18,460 - utils.senz_parser - INFO -                                                             None
2016-06-24 19:29:18,460 - utils.senz_parser - INFO -                                                             {'#pubkey': 'LS0tLS1CRUdJTiBQVUJMSUMgS0VZLS0tLS0KTUlHZk1BMEdDU3FHU0liM0RRRUJBUVVBQTRHTkFEQ0JpUUtCZ1FDeWhYYWxiY094MnFiK0NmMzhDdDRDNWUragpDR1B0T2VHaGZDWjgvL0trSlVYOEw1L0NRb1g0U1E4N1ZqV0VJYWhwOXdLNE1WZ3ozbGxpdWlLVjc0U25mTzdDCk1qbUdBVVZOWVRTV1pZamtFYUt6NnVaK0lqUktnYXd1MVJVUHB4VHBHNFVSeG1KTDFjc3NRY25EZTBkamJ4WjAKTGhGakhCamRKbVJIS3hVNExRSURBUUFCCi0tLS0tRU5EIFBVQkxJQyBLRVktLS0tLQ==', '#time': '1466776758.46', '#msg': 'ALREADY_REGISTERED'}
2016-06-24 19:29:18,460 - handlers.senz_handler - INFO -                                                                 senz received DATA
2016-06-24 19:29:18,460 - handlers.senz_handler - INFO -                                                                 Post Handled
2016-06-24 19:30:15,100 - __main__ - INFO - read senz: SHARE #Btest1 @node1 ^node2 dJx8dS852N/II0tNkZmsABY8AWPiYmwSU+Q9GCdfTGAZQUuzZx2EXkRh/qjEJOG6CVIy6dRPrj+HrkYtw+nHPjn3i/5f1k7Bp0KSA3q34WRIJA4AgxKunzAG+YNfTSaSlY4kjX0mdiG37rm9wgV7Sr7tmVwyc0+/63y3k2Amg6w=
2016-06-24 19:30:39,751 - __main__ - INFO - read senz: DATA #Btest1 850 @node1 ^node2 E275IGiZk9JL3u1AqQz14v0mrLtO5hN785Nmg473cWCLZJU2hBwoqDrD/Rip4LtpVR2/eknMRYh6xRh/cfcFX1NwwuSWQqNV4u4JOrpIC8CHZW1L7xSD7oyazic5dKGuNcQl/EF27RPdRtX7k+MvwvbBZsaxrAo2s74WnvlWsRY=
2016-06-24 19:31:03,883 - __main__ - INFO - read senz: SHARE #Btest2 @node1 ^node2 bv2OZNH9EDMxf1pN/AHFvUhuBzqr+kNAfbhS/wb/1lCddmEvX/FREBPcsPBtxgnje50I2e5IAR+9DpbHHffD+rZwBAYT6XRS7EM0ITbSvs9t/jEM28XUUbrO/0EugcfKJuFmJ7NcYNFPohWPoz2ZEBg2C0x6XkOwCCgpByU1zSc=
2016-06-24 19:33:38,237 - __main__ - INFO - read senz: UNSHARE #Btest1 @node1 ^node2 FFIcK/3tmvmxWZPnMSz6DIF03WAccg/PUtkRi7hfAbtkwa0Fh6C3sKG+6ZvUvgjAwg9kLbHCJl3keK+OhS6x/56aD/Hth/WLtvEcXKTkT5nO2ywL8MXQYBOPy+xS7UYe9GrFZhn3hm1XWjezf8HaW0+9+orWC2BsUrBz9udyz/4=
2016-06-24 19:34:16,247 - __main__ - INFO - read senz: DATA #Btest1 200 @node1 ^node2 QqworFbREZrdNwVPvHCOFIVbwlq+389CQQOsNU+z2+KsOiumyGIkNWUPA+EDiNfKh/AZGgZK9U4+x/gyA54mqa/ePUxPkYOQpzTLQtjIowe0xO2XAcoYLF+KBjfggJVOowM93eSlS26Dwl+u5/wpLqcJz2eEIcu0JfA9sw45uyY=
2016-06-24 19:39:09,908 - __main__ - INFO - read senz: DATA #Btest2 400 @node1 ^node2 VC9uWYJAdw5J0S7GFbaIavdbx3ilUguRFOXBW4wPyL6OIJN7aqiVMW1idOQeHx4oRp4qLeufRQRVpNsDgDMmaifbYs8YFZC+8TAkL9ILkiyI9/BVQYTLArjf1yauS4yuEiYspjBmHq/J1ZKqzGllNKYG5O8jOnRVFkStcRRvWr8=
2016-06-24 19:39:55,633 - __main__ - INFO - read senz: GET #Btest1 @node1 ^node2 XMaMC+EkkXvhYdu353WKYoOxJAuuluhfYfJa1tRv8qVr5ll4ljp+7fTNZqd8F0v1NgQAM204TooLRu9xt09KMvcZ39mkSXs4eQPOYsfGdqt9brCE7GHKjaZGzG4KsRxVKa5Z47QcFI/U1olGfJ8GpcBSqR3lL7MaO2TrkEzhd3A=
2016-06-24 19:40:26,077 - __main__ - INFO - read senz: GET #Btest2 @node1 ^node2 QatX34FBB9Y6Nw1fToH1XvEgwUOsK4imFfkpFuGnmE7OmoYt2FJrQ1HcfLey88H1vrcog0I1K3Xvsux74TrPSA4flYTWVaT+1oXZRRsIvyITpvkbxWT1HY80KPJxPUNS7eYJAJTLfqxO1rjd//b0ZvTOHEaj9PiY/xlBjdQz/WM=
2016-06-24 19:41:47,076 - __main__ - INFO - read senz: PUT #Btest2 650 @node1 ^node2 TNpvbqDHwXNOYF1zAkvo20EbIqSab/GXtON8dpL89Ro+gFKqklnOROZg1GjIC571uTfd05MWSkjeo/NMa/oeQIS1bO6k+eHzZqqj9aao8AmukuHKBiEx5o21ta17J1symyL+nQwmlJzc38c6ytY4r6MpQRKtDxwiChQ+0wCY6xk=
2016-06-24 19:59:24,641 - utils.senz_parser - INFO -                                                             GET
2016-06-24 19:59:24,642 - utils.senz_parser - INFO -                                                             U2xVX7sAP2Ww1GVKWC51SErj7BakMspDpzRQ+KpIbhYUsILkQ16NKYe/LIb9+zvKya2rPiVUs6ZOOqTDxYxrI/PuEBsEHhK0mZuhPbdWKgeZ5OtZpb4AGf6ujhQGPY6iEI2L3TEJJuxkne+5uW6WdePS7uyYNAZ/4kCsQFgQto8=
2016-06-24 19:59:24,642 - utils.senz_parser - INFO -                                                             node1
2016-06-24 19:59:24,642 - utils.senz_parser - INFO -                                                             node2
2016-06-24 19:59:24,642 - utils.senz_parser - INFO -                                                             {'#pubkey': 'LS0tLS1CRUdJTiBQVUJMSUMgS0VZLS0tLS0KTUlHZk1BMEdDU3FHU0liM0RRRUJBUVVBQTRHTkFEQ0JpUUtCZ1FDeWhYYWxiY094MnFiK0NmMzhDdDRDNWUragpDR1B0T2VHaGZDWjgvL0trSlVYOEw1L0NRb1g0U1E4N1ZqV0VJYWhwOXdLNE1WZ3ozbGxpdWlLVjc0U25mTzdDCk1qbUdBVVZOWVRTV1pZamtFYUt6NnVaK0lqUktnYXd1MVJVUHB4VHBHNFVSeG1KTDFjc3NRY25EZTBkamJ4WjAKTGhGakhCamRKbVJIS3hVNExRSURBUUFCCi0tLS0tRU5EIFBVQkxJQyBLRVktLS0tLQ==', '#Btest2': '', '#time': '1466776758.46', '#msg': 'ALREADY_REGISTERED'}
2016-06-24 19:59:24,642 - handlers.senz_handler - INFO -                                                                 senz received GET
2016-06-24 19:59:24,643 - handlers.senz_handler - INFO -                                                                 Post Handled
2016-06-24 20:00:07,973 - utils.senz_parser - INFO -                                                             PUT
2016-06-24 20:00:07,974 - utils.senz_parser - INFO -                                                             LibJS3J5IpKUd5bucDCPt/YK7mU/F9Uff7WS7qj+6DoLPoE6IFFyDNXYCovAW5aWdW9gAHda7ZUP8kInLXShfk8uLawxzr8k28zVNZCCA8CJJw7M6w3Bud7K7kbJz4njqP/K+luT6f62qt251REffyWg/QaycMzhFAf29LEn7c0=
2016-06-24 20:00:07,974 - utils.senz_parser - INFO -                                                             node1
2016-06-24 20:00:07,974 - utils.senz_parser - INFO -                                                             node2
2016-06-24 20:00:07,974 - utils.senz_parser - INFO -                                                             {'#pubkey': 'LS0tLS1CRUdJTiBQVUJMSUMgS0VZLS0tLS0KTUlHZk1BMEdDU3FHU0liM0RRRUJBUVVBQTRHTkFEQ0JpUUtCZ1FDeWhYYWxiY094MnFiK0NmMzhDdDRDNWUragpDR1B0T2VHaGZDWjgvL0trSlVYOEw1L0NRb1g0U1E4N1ZqV0VJYWhwOXdLNE1WZ3ozbGxpdWlLVjc0U25mTzdDCk1qbUdBVVZOWVRTV1pZamtFYUt6NnVaK0lqUktnYXd1MVJVUHB4VHBHNFVSeG1KTDFjc3NRY25EZTBkamJ4WjAKTGhGakhCamRKbVJIS3hVNExRSURBUUFCCi0tLS0tRU5EIFBVQkxJQyBLRVktLS0tLQ==', '#Btest2': '650', '#time': '1466776758.46', '#msg': 'ALREADY_REGISTERED'}
2016-06-24 20:00:07,974 - handlers.senz_handler - INFO -                                                                 senz received PUT
2016-06-24 20:00:07,975 - handlers.senz_handler - INFO -                                                                 Post Handled
2016-07-02 10:44:14,881 - utils.crypto_utils - INFO -                                                             keys exists
2016-07-02 10:44:14,881 - __main__ - INFO - client started
2016-07-02 10:44:14,886 - utils.senz_parser - INFO -                                                             DATA
2016-07-02 10:44:14,886 - utils.senz_parser - INFO -                                                             qC4jY4tOI2JYABe38Wk/FeBxvH1MrgT7U9F/hvsywQ5DgWobbZcQd1cVh6VKA2qWOM6zge1mfgDthMuch4Z7dc0f8xhlTRJzqI2fHDC8iNVe3TI2u917yYG7HI7H4unBgbxZngDbaclFAVriwpEg/zMXkHDjGwKMgl4YAFt+seI=
2016-07-02 10:44:14,886 - utils.senz_parser - INFO -                                                             mysensors
2016-07-02 10:44:14,886 - utils.senz_parser - INFO -                                                             None
2016-07-02 10:44:14,887 - utils.senz_parser - INFO -                                                             {'#pubkey': 'LS0tLS1CRUdJTiBQVUJMSUMgS0VZLS0tLS0KTUlHZk1BMEdDU3FHU0liM0RRRUJBUVVBQTRHTkFEQ0JpUUtCZ1FDeWhYYWxiY094MnFiK0NmMzhDdDRDNWUragpDR1B0T2VHaGZDWjgvL0trSlVYOEw1L0NRb1g0U1E4N1ZqV0VJYWhwOXdLNE1WZ3ozbGxpdWlLVjc0U25mTzdDCk1qbUdBVVZOWVRTV1pZamtFYUt6NnVaK0lqUktnYXd1MVJVUHB4VHBHNFVSeG1KTDFjc3NRY25EZTBkamJ4WjAKTGhGakhCamRKbVJIS3hVNExRSURBUUFCCi0tLS0tRU5EIFBVQkxJQyBLRVktLS0tLQ==', '#time': '1467436454.89', '#msg': 'ALREADY_REGISTERED'}
2016-07-02 10:44:14,887 - handlers.senz_handler - INFO -                                                                 senz received DATA
2016-07-02 10:44:14,887 - handlers.senz_handler - INFO -                                                                 Post Handled
2016-07-02 10:45:01,773 - utils.senz_parser - INFO -                                                             SHARE
2016-07-02 10:45:01,773 - utils.senz_parser - INFO -                                                             iVYhWxyGLPwVDUaAp0cg6lhjsxnJOvDb6I5ncpNg4kRFe+BERlAkoa/gSKtVKT1GpoeU0eLLHrr/ovAqbyd4ytfa0YH2AU5rob7Mh9Lj9XGgze3b/GuBTKZzvYEur8HsTPtWJkYymM5esIY8tyLkS0fbVmgZgLVuAfEDAduXIBo=
2016-07-02 10:45:01,773 - utils.senz_parser - INFO -                                                             node1
2016-07-02 10:45:01,773 - utils.senz_parser - INFO -                                                             node2
2016-07-02 10:45:01,773 - utils.senz_parser - INFO -                                                             {'#pubkey': 'LS0tLS1CRUdJTiBQVUJMSUMgS0VZLS0tLS0KTUlHZk1BMEdDU3FHU0liM0RRRUJBUVVBQTRHTkFEQ0JpUUtCZ1FDeWhYYWxiY094MnFiK0NmMzhDdDRDNWUragpDR1B0T2VHaGZDWjgvL0trSlVYOEw1L0NRb1g0U1E4N1ZqV0VJYWhwOXdLNE1WZ3ozbGxpdWlLVjc0U25mTzdDCk1qbUdBVVZOWVRTV1pZamtFYUt6NnVaK0lqUktnYXd1MVJVUHB4VHBHNFVSeG1KTDFjc3NRY25EZTBkamJ4WjAKTGhGakhCamRKbVJIS3hVNExRSURBUUFCCi0tLS0tRU5EIFBVQkxJQyBLRVktLS0tLQ==', '#time': '1467436454.89', '#msg': 'ALREADY_REGISTERED'}
2016-07-02 10:45:01,774 - handlers.senz_handler - INFO -                                                                 senz received SHARE
2016-07-02 10:45:01,774 - handlers.senz_handler - INFO -                                                                 Post Handled
2016-07-02 10:45:46,350 - __main__ - INFO - read senz: SHARE iresha @node1 ^node2 LzjKqF1zvhKX7LrdkQDPc07PVGT3v1e29jAKT+p3NS7RGpgUlr9o+OIUzIq7ZnsfNDFdEns8XePXRX6IcGMBSfTKpY7XNi8FfGAurJV44P36GVwSQGuASIK/h28uJk9gWbjHmhEb421FWQa2FysAet0HEGr3t64J8+zn2Al+tEg=
2016-07-02 10:46:00,593 - __main__ - INFO - client stopped
2016-07-02 11:53:30,328 - utils.crypto_utils - INFO -                                                             keys exists
2016-07-02 11:53:30,328 - __main__ - INFO - client started
2016-07-02 11:53:30,331 - __main__ - INFO - client stopped
